2020-02-09 13:47:49 - PHP Warning:  unlink(/var/www/opencart-stanok/opencart/public_html/system/storage/cache/cache.catalog.language.1581259669): No such file or directory in /var/www/opencart-stanok/opencart/public_html/system/library/cache/file.php on line 68
2020-02-09 13:49:06 - PHP Warning:  unlink(/var/www/opencart-stanok/opencart/public_html/system/storage/cache/cache.catalog.language.1581259745): No such file or directory in /var/www/opencart-stanok/opencart/public_html/system/library/cache/file.php on line 68
2020-02-09 13:49:06 - PHP Warning:  unlink(/var/www/opencart-stanok/opencart/public_html/system/storage/cache/cache.catalog.language.1581259746): No such file or directory in /var/www/opencart-stanok/opencart/public_html/system/library/cache/file.php on line 68
2020-02-09 13:51:06 - PHP Warning:  unlink(/var/www/opencart-stanok/opencart/public_html/system/storage/cache/cache.catalog.language.1581259865): No such file or directory in /var/www/opencart-stanok/opencart/public_html/system/library/cache/file.php on line 68
2020-02-09 13:51:07 - PHP Warning:  unlink(/var/www/opencart-stanok/opencart/public_html/system/storage/cache/cache.catalog.language.1581259866): No such file or directory in /var/www/opencart-stanok/opencart/public_html/system/library/cache/file.php on line 68
2020-02-09 13:53:42 - PHP Warning:  unlink(/var/www/opencart-stanok/opencart/public_html/system/storage/cache/cache.catalog.language.1581260022): No such file or directory in /var/www/opencart-stanok/opencart/public_html/system/library/cache/file.php on line 68
2020-02-09 13:56:54 - PHP Warning:  unlink(/var/www/opencart-stanok/opencart/public_html/system/storage/cache/cache.catalog.language.1581260213): No such file or directory in /var/www/opencart-stanok/opencart/public_html/system/library/cache/file.php on line 68
2020-02-09 13:56:54 - PHP Warning:  unlink(/var/www/opencart-stanok/opencart/public_html/system/storage/cache/cache.catalog.language.1581260214): No such file or directory in /var/www/opencart-stanok/opencart/public_html/system/library/cache/file.php on line 68
2020-02-09 13:59:06 - PHP Warning:  unlink(/var/www/opencart-stanok/opencart/public_html/system/storage/cache/cache.catalog.language.1581260345): No such file or directory in /var/www/opencart-stanok/opencart/public_html/system/library/cache/file.php on line 68
2020-02-09 13:59:06 - PHP Warning:  unlink(/var/www/opencart-stanok/opencart/public_html/system/storage/cache/cache.catalog.language.1581260346): No such file or directory in /var/www/opencart-stanok/opencart/public_html/system/library/cache/file.php on line 68
2020-02-09 14:10:09 - PHP Warning:  unlink(/var/www/opencart-stanok/opencart/public_html/system/storage/cache/cache.catalog.language.1581261008): No such file or directory in /var/www/opencart-stanok/opencart/public_html/system/library/cache/file.php on line 68
2020-02-09 14:14:08 - PHP Notice:  Array to string conversion in /var/www/opencart-stanok/opencart/public_html/system/library/template/Twig/Environment.php(404) : eval()'d code on line 24
2020-02-09 14:14:09 - PHP Notice:  Array to string conversion in /var/www/opencart-stanok/opencart/public_html/system/library/template/Twig/Environment.php(404) : eval()'d code on line 24
2020-02-09 14:19:49 - PHP Notice:  Array to string conversion in /var/www/opencart-stanok/opencart/public_html/system/library/template/Twig/Environment.php(404) : eval()'d code on line 24
2020-02-09 14:21:12 - PHP Notice:  Array to string conversion in /var/www/opencart-stanok/opencart/public_html/system/library/template/Twig/Environment.php(404) : eval()'d code on line 24
2020-02-09 14:21:13 - PHP Warning:  unlink(/var/www/opencart-stanok/opencart/public_html/system/storage/cache/cache.catalog.language.1581261672): No such file or directory in /var/www/opencart-stanok/opencart/public_html/system/library/cache/file.php on line 68
2020-02-09 14:21:14 - PHP Warning:  unlink(/var/www/opencart-stanok/opencart/public_html/system/storage/cache/cache.catalog.language.1581261673): No such file or directory in /var/www/opencart-stanok/opencart/public_html/system/library/cache/file.php on line 68
2020-02-09 14:21:59 - PHP Notice:  Array to string conversion in /var/www/opencart-stanok/opencart/public_html/system/library/template/Twig/Environment.php(404) : eval()'d code on line 24
2020-02-09 14:22:00 - PHP Warning:  unlink(/var/www/opencart-stanok/opencart/public_html/system/storage/cache/cache.catalog.language.1581261719): No such file or directory in /var/www/opencart-stanok/opencart/public_html/system/library/cache/file.php on line 68
2020-02-09 14:22:00 - PHP Warning:  unlink(/var/www/opencart-stanok/opencart/public_html/system/storage/cache/cache.catalog.language.1581261720): No such file or directory in /var/www/opencart-stanok/opencart/public_html/system/library/cache/file.php on line 68
2020-02-09 14:22:24 - PHP Notice:  Array to string conversion in /var/www/opencart-stanok/opencart/public_html/system/library/template/Twig/Environment.php(404) : eval()'d code on line 24
2020-02-09 14:22:35 - PHP Notice:  Array to string conversion in /var/www/opencart-stanok/opencart/public_html/system/library/template/Twig/Environment.php(404) : eval()'d code on line 24
2020-02-09 14:22:36 - PHP Warning:  unlink(/var/www/opencart-stanok/opencart/public_html/system/storage/cache/cache.catalog.language.1581261755): No such file or directory in /var/www/opencart-stanok/opencart/public_html/system/library/cache/file.php on line 68
2020-02-09 14:22:36 - PHP Warning:  unlink(/var/www/opencart-stanok/opencart/public_html/system/storage/cache/cache.catalog.language.1581261756): No such file or directory in /var/www/opencart-stanok/opencart/public_html/system/library/cache/file.php on line 68
2020-02-09 14:23:15 - PHP Notice:  Array to string conversion in /var/www/opencart-stanok/opencart/public_html/system/library/template/Twig/Environment.php(404) : eval()'d code on line 24
2020-02-09 14:23:15 - PHP Notice:  Array to string conversion in /var/www/opencart-stanok/opencart/public_html/system/library/template/Twig/Environment.php(404) : eval()'d code on line 24
2020-02-09 14:23:16 - PHP Warning:  unlink(/var/www/opencart-stanok/opencart/public_html/system/storage/cache/cache.catalog.language.1581261795): No such file or directory in /var/www/opencart-stanok/opencart/public_html/system/library/cache/file.php on line 68
2020-02-09 14:23:17 - PHP Warning:  unlink(/var/www/opencart-stanok/opencart/public_html/system/storage/cache/cache.catalog.language.1581261796): No such file or directory in /var/www/opencart-stanok/opencart/public_html/system/library/cache/file.php on line 68
2020-02-09 14:28:07 - PHP Notice:  Array to string conversion in /var/www/opencart-stanok/opencart/public_html/system/library/template/Twig/Environment.php(404) : eval()'d code on line 24
2020-02-09 14:28:07 - PHP Notice:  Array to string conversion in /var/www/opencart-stanok/opencart/public_html/system/library/template/Twig/Environment.php(404) : eval()'d code on line 24
2020-02-09 19:15:29 - PHP Notice:  Undefined offset: 0 in /var/www/opencart-stanok/opencart/public_html/catalog/controller/custom/products_main.php on line 33
2020-02-09 19:15:30 - PHP Warning:  unlink(/var/www/opencart-stanok/opencart/public_html/system/storage/cache/cache.catalog.language.1581279329): No such file or directory in /var/www/opencart-stanok/opencart/public_html/system/library/cache/file.php on line 68
2020-02-09 19:15:30 - PHP Warning:  unlink(/var/www/opencart-stanok/opencart/public_html/system/storage/cache/cache.catalog.language.1581279330): No such file or directory in /var/www/opencart-stanok/opencart/public_html/system/library/cache/file.php on line 68
2020-02-09 19:15:54 - PHP Warning:  unlink(/var/www/opencart-stanok/opencart/public_html/system/storage/cache/cache.catalog.language.1581279354): No such file or directory in /var/www/opencart-stanok/opencart/public_html/system/library/cache/file.php on line 68
2020-02-09 19:29:18 - PHP Warning:  unlink(/var/www/opencart-stanok/opencart/public_html/system/storage/cache/cache.catalog.language.1581280157): No such file or directory in /var/www/opencart-stanok/opencart/public_html/system/library/cache/file.php on line 68
2020-02-09 19:29:18 - PHP Warning:  unlink(/var/www/opencart-stanok/opencart/public_html/system/storage/cache/cache.catalog.language.1581280157): No such file or directory in /var/www/opencart-stanok/opencart/public_html/system/library/cache/file.php on line 68
2020-02-09 19:29:18 - PHP Warning:  unlink(/var/www/opencart-stanok/opencart/public_html/system/storage/cache/cache.catalog.language.1581280158): No such file or directory in /var/www/opencart-stanok/opencart/public_html/system/library/cache/file.php on line 68
2020-02-09 19:29:20 - PHP Warning:  unlink(/var/www/opencart-stanok/opencart/public_html/system/storage/cache/cache.catalog.language.1581280160): No such file or directory in /var/www/opencart-stanok/opencart/public_html/system/library/cache/file.php on line 68
2020-02-09 19:29:39 - PHP Warning:  unlink(/var/www/opencart-stanok/opencart/public_html/system/storage/cache/cache.catalog.language.1581280178): No such file or directory in /var/www/opencart-stanok/opencart/public_html/system/library/cache/file.php on line 68
2020-02-09 19:29:39 - PHP Warning:  unlink(/var/www/opencart-stanok/opencart/public_html/system/storage/cache/cache.catalog.language.1581280179): No such file or directory in /var/www/opencart-stanok/opencart/public_html/system/library/cache/file.php on line 68
2020-02-09 19:29:40 - PHP Warning:  unlink(/var/www/opencart-stanok/opencart/public_html/system/storage/cache/cache.catalog.language.1581280179): No such file or directory in /var/www/opencart-stanok/opencart/public_html/system/library/cache/file.php on line 68
2020-02-09 19:29:40 - PHP Warning:  unlink(/var/www/opencart-stanok/opencart/public_html/system/storage/cache/cache.catalog.language.1581280180): No such file or directory in /var/www/opencart-stanok/opencart/public_html/system/library/cache/file.php on line 68
2020-02-09 19:29:40 - PHP Warning:  fopen(/var/www/opencart-stanok/opencart/public_html/system/storage/cache/cache.catalog.language.1581280180): failed to open stream: Stale file handle in /var/www/opencart-stanok/opencart/public_html/system/library/cache/file.php on line 49
2020-02-09 19:29:40 - PHP Warning:  flock() expects parameter 1 to be resource, boolean given in /var/www/opencart-stanok/opencart/public_html/system/library/cache/file.php on line 51
2020-02-09 19:29:40 - PHP Warning:  fwrite() expects parameter 1 to be resource, boolean given in /var/www/opencart-stanok/opencart/public_html/system/library/cache/file.php on line 53
2020-02-09 19:29:40 - PHP Warning:  fflush() expects parameter 1 to be resource, boolean given in /var/www/opencart-stanok/opencart/public_html/system/library/cache/file.php on line 55
2020-02-09 19:29:40 - PHP Warning:  flock() expects parameter 1 to be resource, boolean given in /var/www/opencart-stanok/opencart/public_html/system/library/cache/file.php on line 57
2020-02-09 19:29:40 - PHP Warning:  fclose() expects parameter 1 to be resource, boolean given in /var/www/opencart-stanok/opencart/public_html/system/library/cache/file.php on line 59
2020-02-09 19:30:16 - PHP Warning:  unlink(/var/www/opencart-stanok/opencart/public_html/system/storage/cache/cache.catalog.language.1581280180): No such file or directory in /var/www/opencart-stanok/opencart/public_html/system/library/cache/file.php on line 68
2020-02-09 19:30:16 - PHP Warning:  unlink(/var/www/opencart-stanok/opencart/public_html/system/storage/cache/cache.catalog.language.1581280180): No such file or directory in /var/www/opencart-stanok/opencart/public_html/system/library/cache/file.php on line 68
2020-02-09 19:30:16 - PHP Warning:  unlink(/var/www/opencart-stanok/opencart/public_html/system/storage/cache/cache.catalog.language.1581280180): No such file or directory in /var/www/opencart-stanok/opencart/public_html/system/library/cache/file.php on line 68
2020-02-09 19:30:16 - PHP Warning:  unlink(/var/www/opencart-stanok/opencart/public_html/system/storage/cache/cache.catalog.language.1581280180): No such file or directory in /var/www/opencart-stanok/opencart/public_html/system/library/cache/file.php on line 68
2020-02-09 19:30:16 - PHP Warning:  unlink(/var/www/opencart-stanok/opencart/public_html/system/storage/cache/cache.catalog.language.1581280215): No such file or directory in /var/www/opencart-stanok/opencart/public_html/system/library/cache/file.php on line 68
2020-02-09 19:30:16 - PHP Warning:  unlink(/var/www/opencart-stanok/opencart/public_html/system/storage/cache/cache.catalog.language.1581280215): No such file or directory in /var/www/opencart-stanok/opencart/public_html/system/library/cache/file.php on line 68
2020-02-09 19:30:16 - PHP Warning:  unlink(/var/www/opencart-stanok/opencart/public_html/system/storage/cache/cache.catalog.language.1581280215): No such file or directory in /var/www/opencart-stanok/opencart/public_html/system/library/cache/file.php on line 68
2020-02-09 19:30:17 - PHP Warning:  unlink(/var/www/opencart-stanok/opencart/public_html/system/storage/cache/cache.catalog.language.1581280180): No such file or directory in /var/www/opencart-stanok/opencart/public_html/system/library/cache/file.php on line 68
2020-02-09 19:30:17 - PHP Warning:  unlink(/var/www/opencart-stanok/opencart/public_html/system/storage/cache/cache.catalog.language.1581280180): No such file or directory in /var/www/opencart-stanok/opencart/public_html/system/library/cache/file.php on line 68
2020-02-09 19:30:17 - PHP Warning:  unlink(/var/www/opencart-stanok/opencart/public_html/system/storage/cache/cache.catalog.language.1581280180): No such file or directory in /var/www/opencart-stanok/opencart/public_html/system/library/cache/file.php on line 68
2020-02-09 19:30:17 - PHP Warning:  unlink(/var/www/opencart-stanok/opencart/public_html/system/storage/cache/cache.catalog.language.1581280180): No such file or directory in /var/www/opencart-stanok/opencart/public_html/system/library/cache/file.php on line 68
2020-02-09 19:30:17 - PHP Warning:  unlink(/var/www/opencart-stanok/opencart/public_html/system/storage/cache/cache.catalog.language.1581280217): No such file or directory in /var/www/opencart-stanok/opencart/public_html/system/library/cache/file.php on line 68
2020-02-09 19:30:17 - PHP Warning:  unlink(/var/www/opencart-stanok/opencart/public_html/system/storage/cache/cache.catalog.language.1581280217): No such file or directory in /var/www/opencart-stanok/opencart/public_html/system/library/cache/file.php on line 68
2020-02-09 19:30:17 - PHP Warning:  unlink(/var/www/opencart-stanok/opencart/public_html/system/storage/cache/cache.catalog.language.1581280217): No such file or directory in /var/www/opencart-stanok/opencart/public_html/system/library/cache/file.php on line 68
2020-02-09 19:30:17 - PHP Warning:  unlink(/var/www/opencart-stanok/opencart/public_html/system/storage/cache/cache.catalog.language.1581280180): No such file or directory in /var/www/opencart-stanok/opencart/public_html/system/library/cache/file.php on line 68
2020-02-09 19:30:17 - PHP Warning:  unlink(/var/www/opencart-stanok/opencart/public_html/system/storage/cache/cache.catalog.language.1581280180): No such file or directory in /var/www/opencart-stanok/opencart/public_html/system/library/cache/file.php on line 68
2020-02-09 19:30:17 - PHP Warning:  unlink(/var/www/opencart-stanok/opencart/public_html/system/storage/cache/cache.catalog.language.1581280180): No such file or directory in /var/www/opencart-stanok/opencart/public_html/system/library/cache/file.php on line 68
2020-02-09 19:30:17 - PHP Warning:  unlink(/var/www/opencart-stanok/opencart/public_html/system/storage/cache/cache.catalog.language.1581280180): No such file or directory in /var/www/opencart-stanok/opencart/public_html/system/library/cache/file.php on line 68
2020-02-09 19:30:17 - PHP Warning:  unlink(/var/www/opencart-stanok/opencart/public_html/system/storage/cache/cache.catalog.language.1581280180): No such file or directory in /var/www/opencart-stanok/opencart/public_html/system/library/cache/file.php on line 68
2020-02-09 19:30:17 - PHP Warning:  unlink(/var/www/opencart-stanok/opencart/public_html/system/storage/cache/cache.catalog.language.1581280217): No such file or directory in /var/www/opencart-stanok/opencart/public_html/system/library/cache/file.php on line 68
2020-02-09 19:30:17 - PHP Warning:  unlink(/var/www/opencart-stanok/opencart/public_html/system/storage/cache/cache.catalog.language.1581280217): No such file or directory in /var/www/opencart-stanok/opencart/public_html/system/library/cache/file.php on line 68
2020-02-09 19:30:17 - PHP Warning:  unlink(/var/www/opencart-stanok/opencart/public_html/system/storage/cache/cache.catalog.language.1581280217): No such file or directory in /var/www/opencart-stanok/opencart/public_html/system/library/cache/file.php on line 68
2020-02-09 19:30:18 - PHP Warning:  unlink(/var/www/opencart-stanok/opencart/public_html/system/storage/cache/cache.catalog.language.1581280180): No such file or directory in /var/www/opencart-stanok/opencart/public_html/system/library/cache/file.php on line 68
2020-02-09 19:30:18 - PHP Warning:  unlink(/var/www/opencart-stanok/opencart/public_html/system/storage/cache/cache.catalog.language.1581280180): No such file or directory in /var/www/opencart-stanok/opencart/public_html/system/library/cache/file.php on line 68
2020-02-09 19:30:18 - PHP Warning:  unlink(/var/www/opencart-stanok/opencart/public_html/system/storage/cache/cache.catalog.language.1581280217): No such file or directory in /var/www/opencart-stanok/opencart/public_html/system/library/cache/file.php on line 68
2020-02-09 19:30:18 - PHP Warning:  unlink(/var/www/opencart-stanok/opencart/public_html/system/storage/cache/cache.catalog.language.1581280217): No such file or directory in /var/www/opencart-stanok/opencart/public_html/system/library/cache/file.php on line 68
2020-02-09 19:30:18 - PHP Warning:  unlink(/var/www/opencart-stanok/opencart/public_html/system/storage/cache/cache.catalog.language.1581280180): No such file or directory in /var/www/opencart-stanok/opencart/public_html/system/library/cache/file.php on line 68
2020-02-09 19:30:18 - PHP Warning:  unlink(/var/www/opencart-stanok/opencart/public_html/system/storage/cache/cache.catalog.language.1581280180): No such file or directory in /var/www/opencart-stanok/opencart/public_html/system/library/cache/file.php on line 68
2020-02-09 19:30:54 - PHP Warning:  unlink(/var/www/opencart-stanok/opencart/public_html/system/storage/cache/cache.catalog.language.1581280180): No such file or directory in /var/www/opencart-stanok/opencart/public_html/system/library/cache/file.php on line 68
2020-02-09 19:30:54 - PHP Warning:  unlink(/var/www/opencart-stanok/opencart/public_html/system/storage/cache/cache.catalog.language.1581280180): No such file or directory in /var/www/opencart-stanok/opencart/public_html/system/library/cache/file.php on line 68
2020-02-09 19:30:54 - PHP Warning:  unlink(/var/www/opencart-stanok/opencart/public_html/system/storage/cache/cache.catalog.language.1581280253): No such file or directory in /var/www/opencart-stanok/opencart/public_html/system/library/cache/file.php on line 68
2020-02-09 19:30:54 - PHP Warning:  unlink(/var/www/opencart-stanok/opencart/public_html/system/storage/cache/cache.catalog.language.1581280180): No such file or directory in /var/www/opencart-stanok/opencart/public_html/system/library/cache/file.php on line 68
2020-02-09 19:30:54 - PHP Warning:  unlink(/var/www/opencart-stanok/opencart/public_html/system/storage/cache/cache.catalog.language.1581280180): No such file or directory in /var/www/opencart-stanok/opencart/public_html/system/library/cache/file.php on line 68
2020-02-09 19:30:54 - PHP Warning:  unlink(/var/www/opencart-stanok/opencart/public_html/system/storage/cache/cache.catalog.language.1581280254): No such file or directory in /var/www/opencart-stanok/opencart/public_html/system/library/cache/file.php on line 68
2020-02-09 19:31:50 - PHP Warning:  unlink(/var/www/opencart-stanok/opencart/public_html/system/storage/cache/cache.catalog.language.1581280180): No such file or directory in /var/www/opencart-stanok/opencart/public_html/system/library/cache/file.php on line 68
2020-02-09 19:31:51 - PHP Notice:  Undefined index: start in /var/www/opencart-stanok/opencart/public_html/catalog/model/catalog/product.php on line 187
2020-02-09 19:31:51 - PHP Notice:  Undefined index: start in /var/www/opencart-stanok/opencart/public_html/catalog/model/catalog/product.php on line 195
2020-02-09 19:31:51 - PHP Warning:  unlink(/var/www/opencart-stanok/opencart/public_html/system/storage/cache/cache.catalog.language.1581280180): No such file or directory in /var/www/opencart-stanok/opencart/public_html/system/library/cache/file.php on line 68
2020-02-09 19:31:51 - PHP Warning:  unlink(/var/www/opencart-stanok/opencart/public_html/system/storage/cache/cache.catalog.language.1581280180): No such file or directory in /var/www/opencart-stanok/opencart/public_html/system/library/cache/file.php on line 68
2020-02-09 19:31:51 - PHP Warning:  unlink(/var/www/opencart-stanok/opencart/public_html/system/storage/cache/cache.catalog.language.1581280180): No such file or directory in /var/www/opencart-stanok/opencart/public_html/system/library/cache/file.php on line 68
2020-02-09 19:31:51 - PHP Warning:  unlink(/var/www/opencart-stanok/opencart/public_html/system/storage/cache/cache.catalog.language.1581280180): No such file or directory in /var/www/opencart-stanok/opencart/public_html/system/library/cache/file.php on line 68
2020-02-09 19:31:51 - PHP Warning:  unlink(/var/www/opencart-stanok/opencart/public_html/system/storage/cache/cache.catalog.language.1581280311): No such file or directory in /var/www/opencart-stanok/opencart/public_html/system/library/cache/file.php on line 68
2020-02-09 19:31:52 - PHP Warning:  unlink(/var/www/opencart-stanok/opencart/public_html/system/storage/cache/cache.catalog.language.1581280180): No such file or directory in /var/www/opencart-stanok/opencart/public_html/system/library/cache/file.php on line 68
2020-02-09 19:31:52 - PHP Warning:  unlink(/var/www/opencart-stanok/opencart/public_html/system/storage/cache/cache.catalog.language.1581280180): No such file or directory in /var/www/opencart-stanok/opencart/public_html/system/library/cache/file.php on line 68
2020-02-09 19:31:52 - PHP Warning:  unlink(/var/www/opencart-stanok/opencart/public_html/system/storage/cache/cache.catalog.language.1581280312): No such file or directory in /var/www/opencart-stanok/opencart/public_html/system/library/cache/file.php on line 68
2020-02-09 19:31:52 - PHP Warning:  unlink(/var/www/opencart-stanok/opencart/public_html/system/storage/cache/cache.catalog.language.1581280312): No such file or directory in /var/www/opencart-stanok/opencart/public_html/system/library/cache/file.php on line 68
2020-02-09 19:31:52 - PHP Warning:  unlink(/var/www/opencart-stanok/opencart/public_html/system/storage/cache/cache.catalog.language.1581280180): No such file or directory in /var/www/opencart-stanok/opencart/public_html/system/library/cache/file.php on line 68
2020-02-09 19:31:52 - PHP Warning:  unlink(/var/www/opencart-stanok/opencart/public_html/system/storage/cache/cache.catalog.language.1581280180): No such file or directory in /var/www/opencart-stanok/opencart/public_html/system/library/cache/file.php on line 68
2020-02-09 19:31:52 - PHP Warning:  unlink(/var/www/opencart-stanok/opencart/public_html/system/storage/cache/cache.catalog.language.1581280180): No such file or directory in /var/www/opencart-stanok/opencart/public_html/system/library/cache/file.php on line 68
2020-02-09 19:31:52 - PHP Warning:  unlink(/var/www/opencart-stanok/opencart/public_html/system/storage/cache/cache.catalog.language.1581280180): No such file or directory in /var/www/opencart-stanok/opencart/public_html/system/library/cache/file.php on line 68
2020-02-09 19:31:53 - PHP Warning:  unlink(/var/www/opencart-stanok/opencart/public_html/system/storage/cache/cache.catalog.language.1581280180): No such file or directory in /var/www/opencart-stanok/opencart/public_html/system/library/cache/file.php on line 68
2020-02-09 19:31:53 - PHP Warning:  unlink(/var/www/opencart-stanok/opencart/public_html/system/storage/cache/cache.catalog.language.1581280180): No such file or directory in /var/www/opencart-stanok/opencart/public_html/system/library/cache/file.php on line 68
2020-02-09 19:31:53 - PHP Warning:  unlink(/var/www/opencart-stanok/opencart/public_html/system/storage/cache/cache.catalog.language.1581280180): No such file or directory in /var/www/opencart-stanok/opencart/public_html/system/library/cache/file.php on line 68
2020-02-09 19:31:53 - PHP Warning:  unlink(/var/www/opencart-stanok/opencart/public_html/system/storage/cache/cache.catalog.language.1581280180): No such file or directory in /var/www/opencart-stanok/opencart/public_html/system/library/cache/file.php on line 68
2020-02-09 19:31:53 - PHP Warning:  unlink(/var/www/opencart-stanok/opencart/public_html/system/storage/cache/cache.catalog.language.1581280180): No such file or directory in /var/www/opencart-stanok/opencart/public_html/system/library/cache/file.php on line 68
2020-02-09 19:31:53 - PHP Warning:  unlink(/var/www/opencart-stanok/opencart/public_html/system/storage/cache/cache.catalog.language.1581280180): No such file or directory in /var/www/opencart-stanok/opencart/public_html/system/library/cache/file.php on line 68
2020-02-09 19:31:53 - PHP Warning:  unlink(/var/www/opencart-stanok/opencart/public_html/system/storage/cache/cache.catalog.language.1581280180): No such file or directory in /var/www/opencart-stanok/opencart/public_html/system/library/cache/file.php on line 68
2020-02-09 19:31:53 - PHP Warning:  unlink(/var/www/opencart-stanok/opencart/public_html/system/storage/cache/cache.catalog.language.1581280180): No such file or directory in /var/www/opencart-stanok/opencart/public_html/system/library/cache/file.php on line 68
2020-02-09 19:31:53 - PHP Warning:  unlink(/var/www/opencart-stanok/opencart/public_html/system/storage/cache/cache.catalog.language.1581280180): No such file or directory in /var/www/opencart-stanok/opencart/public_html/system/library/cache/file.php on line 68
2020-02-09 19:31:54 - PHP Warning:  unlink(/var/www/opencart-stanok/opencart/public_html/system/storage/cache/cache.catalog.language.1581280180): No such file or directory in /var/www/opencart-stanok/opencart/public_html/system/library/cache/file.php on line 68
2020-02-09 19:31:54 - PHP Warning:  unlink(/var/www/opencart-stanok/opencart/public_html/system/storage/cache/cache.catalog.language.1581280180): No such file or directory in /var/www/opencart-stanok/opencart/public_html/system/library/cache/file.php on line 68
2020-02-09 19:31:54 - PHP Warning:  unlink(/var/www/opencart-stanok/opencart/public_html/system/storage/cache/cache.catalog.language.1581280180): No such file or directory in /var/www/opencart-stanok/opencart/public_html/system/library/cache/file.php on line 68
2020-02-09 19:31:54 - PHP Warning:  unlink(/var/www/opencart-stanok/opencart/public_html/system/storage/cache/cache.catalog.language.1581280180): No such file or directory in /var/www/opencart-stanok/opencart/public_html/system/library/cache/file.php on line 68
2020-02-09 19:32:57 - PHP Warning:  unlink(/var/www/opencart-stanok/opencart/public_html/system/storage/cache/cache.catalog.language.1581280180): No such file or directory in /var/www/opencart-stanok/opencart/public_html/system/library/cache/file.php on line 68
2020-02-09 19:32:57 - PHP Notice:  Undefined index: start in /var/www/opencart-stanok/opencart/public_html/catalog/model/catalog/product.php on line 187
2020-02-09 19:32:57 - PHP Notice:  Undefined index: start in /var/www/opencart-stanok/opencart/public_html/catalog/model/catalog/product.php on line 195
2020-02-09 19:32:57 - PHP Warning:  unlink(/var/www/opencart-stanok/opencart/public_html/system/storage/cache/cache.catalog.language.1581280180): No such file or directory in /var/www/opencart-stanok/opencart/public_html/system/library/cache/file.php on line 68
2020-02-09 19:32:58 - PHP Warning:  unlink(/var/www/opencart-stanok/opencart/public_html/system/storage/cache/cache.catalog.language.1581280180): No such file or directory in /var/www/opencart-stanok/opencart/public_html/system/library/cache/file.php on line 68
2020-02-09 19:32:58 - PHP Warning:  unlink(/var/www/opencart-stanok/opencart/public_html/system/storage/cache/cache.catalog.language.1581280180): No such file or directory in /var/www/opencart-stanok/opencart/public_html/system/library/cache/file.php on line 68
2020-02-09 19:32:58 - PHP Warning:  unlink(/var/www/opencart-stanok/opencart/public_html/system/storage/cache/cache.catalog.language.1581280180): No such file or directory in /var/www/opencart-stanok/opencart/public_html/system/library/cache/file.php on line 68
2020-02-09 19:32:58 - PHP Warning:  unlink(/var/www/opencart-stanok/opencart/public_html/system/storage/cache/cache.catalog.language.1581280377): No such file or directory in /var/www/opencart-stanok/opencart/public_html/system/library/cache/file.php on line 68
2020-02-09 19:32:58 - PHP Warning:  unlink(/var/www/opencart-stanok/opencart/public_html/system/storage/cache/cache.catalog.language.1581280377): No such file or directory in /var/www/opencart-stanok/opencart/public_html/system/library/cache/file.php on line 68
2020-02-09 19:32:58 - PHP Warning:  unlink(/var/www/opencart-stanok/opencart/public_html/system/storage/cache/cache.catalog.language.1581280180): No such file or directory in /var/www/opencart-stanok/opencart/public_html/system/library/cache/file.php on line 68
2020-02-09 19:32:59 - PHP Warning:  unlink(/var/www/opencart-stanok/opencart/public_html/system/storage/cache/cache.catalog.language.1581280180): No such file or directory in /var/www/opencart-stanok/opencart/public_html/system/library/cache/file.php on line 68
2020-02-09 19:32:59 - PHP Warning:  unlink(/var/www/opencart-stanok/opencart/public_html/system/storage/cache/cache.catalog.language.1581280180): No such file or directory in /var/www/opencart-stanok/opencart/public_html/system/library/cache/file.php on line 68
2020-02-09 19:32:59 - PHP Warning:  unlink(/var/www/opencart-stanok/opencart/public_html/system/storage/cache/cache.catalog.language.1581280180): No such file or directory in /var/www/opencart-stanok/opencart/public_html/system/library/cache/file.php on line 68
2020-02-09 19:32:59 - PHP Warning:  unlink(/var/www/opencart-stanok/opencart/public_html/system/storage/cache/cache.catalog.language.1581280180): No such file or directory in /var/www/opencart-stanok/opencart/public_html/system/library/cache/file.php on line 68
2020-02-09 19:32:59 - PHP Warning:  unlink(/var/www/opencart-stanok/opencart/public_html/system/storage/cache/cache.catalog.language.1581280180): No such file or directory in /var/www/opencart-stanok/opencart/public_html/system/library/cache/file.php on line 68
2020-02-09 19:32:59 - PHP Warning:  unlink(/var/www/opencart-stanok/opencart/public_html/system/storage/cache/cache.catalog.language.1581280180): No such file or directory in /var/www/opencart-stanok/opencart/public_html/system/library/cache/file.php on line 68
2020-02-09 19:32:59 - PHP Warning:  unlink(/var/www/opencart-stanok/opencart/public_html/system/storage/cache/cache.catalog.language.1581280379): No such file or directory in /var/www/opencart-stanok/opencart/public_html/system/library/cache/file.php on line 68
2020-02-09 19:32:59 - PHP Warning:  unlink(/var/www/opencart-stanok/opencart/public_html/system/storage/cache/cache.catalog.language.1581280379): No such file or directory in /var/www/opencart-stanok/opencart/public_html/system/library/cache/file.php on line 68
2020-02-09 19:32:59 - PHP Warning:  unlink(/var/www/opencart-stanok/opencart/public_html/system/storage/cache/cache.catalog.language.1581280379): No such file or directory in /var/www/opencart-stanok/opencart/public_html/system/library/cache/file.php on line 68
2020-02-09 19:32:59 - PHP Warning:  unlink(/var/www/opencart-stanok/opencart/public_html/system/storage/cache/cache.catalog.language.1581280180): No such file or directory in /var/www/opencart-stanok/opencart/public_html/system/library/cache/file.php on line 68
2020-02-09 19:33:35 - PHP Warning:  unlink(/var/www/opencart-stanok/opencart/public_html/system/storage/cache/cache.catalog.language.1581280180): No such file or directory in /var/www/opencart-stanok/opencart/public_html/system/library/cache/file.php on line 68
2020-02-09 19:33:35 - PHP Warning:  unlink(/var/www/opencart-stanok/opencart/public_html/system/storage/cache/cache.catalog.language.1581280180): No such file or directory in /var/www/opencart-stanok/opencart/public_html/system/library/cache/file.php on line 68
2020-02-09 19:34:11 - PHP Warning:  unlink(/var/www/opencart-stanok/opencart/public_html/system/storage/cache/cache.catalog.language.1581280415): No such file or directory in /var/www/opencart-stanok/opencart/public_html/system/library/cache/file.php on line 68
2020-02-09 19:34:11 - PHP Warning:  unlink(/var/www/opencart-stanok/opencart/public_html/system/storage/cache/cache.catalog.language.1581280415): No such file or directory in /var/www/opencart-stanok/opencart/public_html/system/library/cache/file.php on line 68
2020-02-09 19:34:11 - PHP Warning:  unlink(/var/www/opencart-stanok/opencart/public_html/system/storage/cache/cache.catalog.language.1581280415): No such file or directory in /var/www/opencart-stanok/opencart/public_html/system/library/cache/file.php on line 68
2020-02-09 19:34:11 - PHP Warning:  unlink(/var/www/opencart-stanok/opencart/public_html/system/storage/cache/cache.catalog.language.1581280180): No such file or directory in /var/www/opencart-stanok/opencart/public_html/system/library/cache/file.php on line 68
2020-02-09 19:34:11 - PHP Warning:  unlink(/var/www/opencart-stanok/opencart/public_html/system/storage/cache/cache.catalog.language.1581280180): No such file or directory in /var/www/opencart-stanok/opencart/public_html/system/library/cache/file.php on line 68
2020-02-09 19:34:11 - PHP Warning:  unlink(/var/www/opencart-stanok/opencart/public_html/system/storage/cache/cache.catalog.language.1581280180): No such file or directory in /var/www/opencart-stanok/opencart/public_html/system/library/cache/file.php on line 68
2020-02-09 19:34:11 - PHP Warning:  unlink(/var/www/opencart-stanok/opencart/public_html/system/storage/cache/cache.catalog.language.1581280451): No such file or directory in /var/www/opencart-stanok/opencart/public_html/system/library/cache/file.php on line 68
2020-02-09 19:34:11 - PHP Warning:  unlink(/var/www/opencart-stanok/opencart/public_html/system/storage/cache/cache.catalog.language.1581280451): No such file or directory in /var/www/opencart-stanok/opencart/public_html/system/library/cache/file.php on line 68
2020-02-09 19:34:11 - PHP Warning:  unlink(/var/www/opencart-stanok/opencart/public_html/system/storage/cache/cache.catalog.language.1581280180): No such file or directory in /var/www/opencart-stanok/opencart/public_html/system/library/cache/file.php on line 68
2020-02-09 19:34:12 - PHP Warning:  unlink(/var/www/opencart-stanok/opencart/public_html/system/storage/cache/cache.catalog.language.1581280180): No such file or directory in /var/www/opencart-stanok/opencart/public_html/system/library/cache/file.php on line 68
2020-02-09 19:34:12 - PHP Warning:  unlink(/var/www/opencart-stanok/opencart/public_html/system/storage/cache/cache.catalog.language.1581280180): No such file or directory in /var/www/opencart-stanok/opencart/public_html/system/library/cache/file.php on line 68
2020-02-09 19:34:12 - PHP Warning:  unlink(/var/www/opencart-stanok/opencart/public_html/system/storage/cache/cache.catalog.language.1581280451): No such file or directory in /var/www/opencart-stanok/opencart/public_html/system/library/cache/file.php on line 68
2020-02-09 19:34:12 - PHP Warning:  unlink(/var/www/opencart-stanok/opencart/public_html/system/storage/cache/cache.catalog.language.1581280180): No such file or directory in /var/www/opencart-stanok/opencart/public_html/system/library/cache/file.php on line 68
2020-02-09 19:34:12 - PHP Warning:  unlink(/var/www/opencart-stanok/opencart/public_html/system/storage/cache/cache.catalog.language.1581280180): No such file or directory in /var/www/opencart-stanok/opencart/public_html/system/library/cache/file.php on line 68
2020-02-09 19:34:12 - PHP Warning:  unlink(/var/www/opencart-stanok/opencart/public_html/system/storage/cache/cache.catalog.language.1581280180): No such file or directory in /var/www/opencart-stanok/opencart/public_html/system/library/cache/file.php on line 68
2020-02-09 19:34:12 - PHP Warning:  unlink(/var/www/opencart-stanok/opencart/public_html/system/storage/cache/cache.catalog.language.1581280452): No such file or directory in /var/www/opencart-stanok/opencart/public_html/system/library/cache/file.php on line 68
2020-02-09 19:34:12 - PHP Warning:  unlink(/var/www/opencart-stanok/opencart/public_html/system/storage/cache/cache.catalog.language.1581280452): No such file or directory in /var/www/opencart-stanok/opencart/public_html/system/library/cache/file.php on line 68
2020-02-09 19:34:12 - PHP Warning:  unlink(/var/www/opencart-stanok/opencart/public_html/system/storage/cache/cache.catalog.language.1581280180): No such file or directory in /var/www/opencart-stanok/opencart/public_html/system/library/cache/file.php on line 68
2020-02-09 19:34:12 - PHP Warning:  unlink(/var/www/opencart-stanok/opencart/public_html/system/storage/cache/cache.catalog.language.1581280452): No such file or directory in /var/www/opencart-stanok/opencart/public_html/system/library/cache/file.php on line 68
2020-02-09 19:34:13 - PHP Warning:  unlink(/var/www/opencart-stanok/opencart/public_html/system/storage/cache/cache.catalog.language.1581280180): No such file or directory in /var/www/opencart-stanok/opencart/public_html/system/library/cache/file.php on line 68
2020-02-09 19:34:13 - PHP Warning:  unlink(/var/www/opencart-stanok/opencart/public_html/system/storage/cache/cache.catalog.language.1581280180): No such file or directory in /var/www/opencart-stanok/opencart/public_html/system/library/cache/file.php on line 68
2020-02-09 19:34:14 - PHP Warning:  unlink(/var/www/opencart-stanok/opencart/public_html/system/storage/cache/cache.catalog.language.1581280180): No such file or directory in /var/www/opencart-stanok/opencart/public_html/system/library/cache/file.php on line 68
2020-02-09 19:34:14 - PHP Warning:  unlink(/var/www/opencart-stanok/opencart/public_html/system/storage/cache/cache.catalog.language.1581280180): No such file or directory in /var/www/opencart-stanok/opencart/public_html/system/library/cache/file.php on line 68
2020-02-09 19:34:14 - PHP Warning:  unlink(/var/www/opencart-stanok/opencart/public_html/system/storage/cache/cache.catalog.language.1581280180): No such file or directory in /var/www/opencart-stanok/opencart/public_html/system/library/cache/file.php on line 68
2020-02-09 19:34:14 - PHP Warning:  unlink(/var/www/opencart-stanok/opencart/public_html/system/storage/cache/cache.catalog.language.1581280180): No such file or directory in /var/www/opencart-stanok/opencart/public_html/system/library/cache/file.php on line 68
2020-02-09 19:34:14 - PHP Warning:  unlink(/var/www/opencart-stanok/opencart/public_html/system/storage/cache/cache.catalog.language.1581280453): No such file or directory in /var/www/opencart-stanok/opencart/public_html/system/library/cache/file.php on line 68
2020-02-09 19:34:14 - PHP Warning:  unlink(/var/www/opencart-stanok/opencart/public_html/system/storage/cache/cache.catalog.language.1581280453): No such file or directory in /var/www/opencart-stanok/opencart/public_html/system/library/cache/file.php on line 68
2020-02-09 19:34:14 - PHP Warning:  unlink(/var/www/opencart-stanok/opencart/public_html/system/storage/cache/cache.catalog.language.1581280180): No such file or directory in /var/www/opencart-stanok/opencart/public_html/system/library/cache/file.php on line 68
2020-02-09 19:34:14 - PHP Warning:  unlink(/var/www/opencart-stanok/opencart/public_html/system/storage/cache/cache.catalog.language.1581280180): No such file or directory in /var/www/opencart-stanok/opencart/public_html/system/library/cache/file.php on line 68
2020-02-09 19:34:14 - PHP Warning:  unlink(/var/www/opencart-stanok/opencart/public_html/system/storage/cache/cache.catalog.language.1581280454): No such file or directory in /var/www/opencart-stanok/opencart/public_html/system/library/cache/file.php on line 68
2020-02-09 19:34:14 - PHP Warning:  unlink(/var/www/opencart-stanok/opencart/public_html/system/storage/cache/cache.catalog.language.1581280180): No such file or directory in /var/www/opencart-stanok/opencart/public_html/system/library/cache/file.php on line 68
2020-02-09 19:34:50 - PHP Warning:  unlink(/var/www/opencart-stanok/opencart/public_html/system/storage/cache/cache.catalog.language.1581280180): No such file or directory in /var/www/opencart-stanok/opencart/public_html/system/library/cache/file.php on line 68
2020-02-09 19:34:50 - PHP Warning:  unlink(/var/www/opencart-stanok/opencart/public_html/system/storage/cache/cache.catalog.language.1581280180): No such file or directory in /var/www/opencart-stanok/opencart/public_html/system/library/cache/file.php on line 68
2020-02-09 19:34:51 - PHP Warning:  unlink(/var/www/opencart-stanok/opencart/public_html/system/storage/cache/cache.catalog.language.1581280180): No such file or directory in /var/www/opencart-stanok/opencart/public_html/system/library/cache/file.php on line 68
2020-02-09 19:34:52 - PHP Warning:  unlink(/var/www/opencart-stanok/opencart/public_html/system/storage/cache/cache.catalog.language.1581280180): No such file or directory in /var/www/opencart-stanok/opencart/public_html/system/library/cache/file.php on line 68
2020-02-09 19:34:52 - PHP Warning:  unlink(/var/www/opencart-stanok/opencart/public_html/system/storage/cache/cache.catalog.language.1581280180): No such file or directory in /var/www/opencart-stanok/opencart/public_html/system/library/cache/file.php on line 68
2020-02-09 19:35:59 - PHP Warning:  unlink(/var/www/opencart-stanok/opencart/public_html/system/storage/cache/cache.catalog.language.1581280180): No such file or directory in /var/www/opencart-stanok/opencart/public_html/system/library/cache/file.php on line 68
2020-02-09 19:36:00 - PHP Warning:  unlink(/var/www/opencart-stanok/opencart/public_html/system/storage/cache/cache.catalog.language.1581280180): No such file or directory in /var/www/opencart-stanok/opencart/public_html/system/library/cache/file.php on line 68
2020-02-09 19:36:01 - PHP Warning:  unlink(/var/www/opencart-stanok/opencart/public_html/system/storage/cache/cache.catalog.language.1581280180): No such file or directory in /var/www/opencart-stanok/opencart/public_html/system/library/cache/file.php on line 68
2020-02-09 19:36:01 - PHP Warning:  unlink(/var/www/opencart-stanok/opencart/public_html/system/storage/cache/cache.catalog.language.1581280180): No such file or directory in /var/www/opencart-stanok/opencart/public_html/system/library/cache/file.php on line 68
2020-02-09 19:36:01 - PHP Warning:  unlink(/var/www/opencart-stanok/opencart/public_html/system/storage/cache/cache.catalog.language.1581280180): No such file or directory in /var/www/opencart-stanok/opencart/public_html/system/library/cache/file.php on line 68
2020-02-09 19:36:01 - PHP Warning:  unlink(/var/www/opencart-stanok/opencart/public_html/system/storage/cache/cache.catalog.language.1581280560): No such file or directory in /var/www/opencart-stanok/opencart/public_html/system/library/cache/file.php on line 68
2020-02-09 19:36:01 - PHP Warning:  unlink(/var/www/opencart-stanok/opencart/public_html/system/storage/cache/cache.catalog.language.1581280180): No such file or directory in /var/www/opencart-stanok/opencart/public_html/system/library/cache/file.php on line 68
2020-02-09 19:36:01 - PHP Warning:  unlink(/var/www/opencart-stanok/opencart/public_html/system/storage/cache/cache.catalog.language.1581280180): No such file or directory in /var/www/opencart-stanok/opencart/public_html/system/library/cache/file.php on line 68
2020-02-09 19:36:01 - PHP Warning:  unlink(/var/www/opencart-stanok/opencart/public_html/system/storage/cache/cache.catalog.language.1581280180): No such file or directory in /var/www/opencart-stanok/opencart/public_html/system/library/cache/file.php on line 68
2020-02-09 19:36:01 - PHP Warning:  unlink(/var/www/opencart-stanok/opencart/public_html/system/storage/cache/cache.catalog.language.1581280561): No such file or directory in /var/www/opencart-stanok/opencart/public_html/system/library/cache/file.php on line 68
2020-02-09 19:36:01 - PHP Warning:  unlink(/var/www/opencart-stanok/opencart/public_html/system/storage/cache/cache.catalog.language.1581280561): No such file or directory in /var/www/opencart-stanok/opencart/public_html/system/library/cache/file.php on line 68
2020-02-09 19:36:01 - PHP Warning:  unlink(/var/www/opencart-stanok/opencart/public_html/system/storage/cache/cache.catalog.language.1581280180): No such file or directory in /var/www/opencart-stanok/opencart/public_html/system/library/cache/file.php on line 68
2020-02-09 19:36:01 - PHP Warning:  unlink(/var/www/opencart-stanok/opencart/public_html/system/storage/cache/cache.catalog.language.1581280180): No such file or directory in /var/www/opencart-stanok/opencart/public_html/system/library/cache/file.php on line 68
2020-02-09 19:36:02 - PHP Warning:  unlink(/var/www/opencart-stanok/opencart/public_html/system/storage/cache/cache.catalog.language.1581280180): No such file or directory in /var/www/opencart-stanok/opencart/public_html/system/library/cache/file.php on line 68
2020-02-09 19:36:02 - PHP Warning:  unlink(/var/www/opencart-stanok/opencart/public_html/system/storage/cache/cache.catalog.language.1581280180): No such file or directory in /var/www/opencart-stanok/opencart/public_html/system/library/cache/file.php on line 68
2020-02-09 19:36:02 - PHP Warning:  unlink(/var/www/opencart-stanok/opencart/public_html/system/storage/cache/cache.catalog.language.1581280561): No such file or directory in /var/www/opencart-stanok/opencart/public_html/system/library/cache/file.php on line 68
2020-02-09 19:36:02 - PHP Warning:  unlink(/var/www/opencart-stanok/opencart/public_html/system/storage/cache/cache.catalog.language.1581280180): No such file or directory in /var/www/opencart-stanok/opencart/public_html/system/library/cache/file.php on line 68
2020-02-09 19:36:02 - PHP Warning:  unlink(/var/www/opencart-stanok/opencart/public_html/system/storage/cache/cache.catalog.language.1581280180): No such file or directory in /var/www/opencart-stanok/opencart/public_html/system/library/cache/file.php on line 68
2020-02-09 19:36:02 - PHP Warning:  unlink(/var/www/opencart-stanok/opencart/public_html/system/storage/cache/cache.catalog.language.1581280180): No such file or directory in /var/www/opencart-stanok/opencart/public_html/system/library/cache/file.php on line 68
2020-02-09 19:36:02 - PHP Warning:  unlink(/var/www/opencart-stanok/opencart/public_html/system/storage/cache/cache.catalog.language.1581280562): No such file or directory in /var/www/opencart-stanok/opencart/public_html/system/library/cache/file.php on line 68
2020-02-09 19:36:02 - PHP Warning:  unlink(/var/www/opencart-stanok/opencart/public_html/system/storage/cache/cache.catalog.language.1581280180): No such file or directory in /var/www/opencart-stanok/opencart/public_html/system/library/cache/file.php on line 68
2020-02-09 19:36:02 - PHP Warning:  unlink(/var/www/opencart-stanok/opencart/public_html/system/storage/cache/cache.catalog.language.1581280180): No such file or directory in /var/www/opencart-stanok/opencart/public_html/system/library/cache/file.php on line 68
2020-02-09 19:36:02 - PHP Warning:  unlink(/var/www/opencart-stanok/opencart/public_html/system/storage/cache/cache.catalog.language.1581280180): No such file or directory in /var/www/opencart-stanok/opencart/public_html/system/library/cache/file.php on line 68
2020-02-09 19:36:02 - PHP Warning:  unlink(/var/www/opencart-stanok/opencart/public_html/system/storage/cache/cache.catalog.language.1581280180): No such file or directory in /var/www/opencart-stanok/opencart/public_html/system/library/cache/file.php on line 68
2020-02-09 19:36:02 - PHP Warning:  unlink(/var/www/opencart-stanok/opencart/public_html/system/storage/cache/cache.catalog.language.1581280180): No such file or directory in /var/www/opencart-stanok/opencart/public_html/system/library/cache/file.php on line 68
2020-02-09 19:36:02 - PHP Warning:  unlink(/var/www/opencart-stanok/opencart/public_html/system/storage/cache/cache.catalog.language.1581280180): No such file or directory in /var/www/opencart-stanok/opencart/public_html/system/library/cache/file.php on line 68
2020-02-09 19:36:03 - PHP Warning:  unlink(/var/www/opencart-stanok/opencart/public_html/system/storage/cache/cache.catalog.language.1581280180): No such file or directory in /var/www/opencart-stanok/opencart/public_html/system/library/cache/file.php on line 68
2020-02-09 19:36:03 - PHP Warning:  unlink(/var/www/opencart-stanok/opencart/public_html/system/storage/cache/cache.catalog.language.1581280180): No such file or directory in /var/www/opencart-stanok/opencart/public_html/system/library/cache/file.php on line 68
2020-02-09 19:36:03 - PHP Warning:  unlink(/var/www/opencart-stanok/opencart/public_html/system/storage/cache/cache.catalog.language.1581280180): No such file or directory in /var/www/opencart-stanok/opencart/public_html/system/library/cache/file.php on line 68
2020-02-09 19:36:03 - PHP Warning:  unlink(/var/www/opencart-stanok/opencart/public_html/system/storage/cache/cache.catalog.language.1581280180): No such file or directory in /var/www/opencart-stanok/opencart/public_html/system/library/cache/file.php on line 68
2020-02-09 19:36:03 - PHP Warning:  unlink(/var/www/opencart-stanok/opencart/public_html/system/storage/cache/cache.catalog.language.1581280180): No such file or directory in /var/www/opencart-stanok/opencart/public_html/system/library/cache/file.php on line 68
2020-02-09 19:36:03 - PHP Warning:  unlink(/var/www/opencart-stanok/opencart/public_html/system/storage/cache/cache.catalog.language.1581280180): No such file or directory in /var/www/opencart-stanok/opencart/public_html/system/library/cache/file.php on line 68
2020-02-09 19:36:03 - PHP Warning:  unlink(/var/www/opencart-stanok/opencart/public_html/system/storage/cache/cache.catalog.language.1581280180): No such file or directory in /var/www/opencart-stanok/opencart/public_html/system/library/cache/file.php on line 68
2020-02-09 19:36:03 - PHP Warning:  unlink(/var/www/opencart-stanok/opencart/public_html/system/storage/cache/cache.catalog.language.1581280180): No such file or directory in /var/www/opencart-stanok/opencart/public_html/system/library/cache/file.php on line 68
2020-02-09 19:36:03 - PHP Warning:  unlink(/var/www/opencart-stanok/opencart/public_html/system/storage/cache/cache.catalog.language.1581280180): No such file or directory in /var/www/opencart-stanok/opencart/public_html/system/library/cache/file.php on line 68
2020-02-09 19:36:03 - PHP Warning:  unlink(/var/www/opencart-stanok/opencart/public_html/system/storage/cache/cache.catalog.language.1581280180): No such file or directory in /var/www/opencart-stanok/opencart/public_html/system/library/cache/file.php on line 68
2020-02-09 19:36:03 - PHP Warning:  unlink(/var/www/opencart-stanok/opencart/public_html/system/storage/cache/cache.catalog.language.1581280563): No such file or directory in /var/www/opencart-stanok/opencart/public_html/system/library/cache/file.php on line 68
2020-02-09 19:36:03 - PHP Warning:  unlink(/var/www/opencart-stanok/opencart/public_html/system/storage/cache/cache.catalog.language.1581280180): No such file or directory in /var/www/opencart-stanok/opencart/public_html/system/library/cache/file.php on line 68
2020-02-09 19:36:03 - PHP Warning:  unlink(/var/www/opencart-stanok/opencart/public_html/system/storage/cache/cache.catalog.language.1581280180): No such file or directory in /var/www/opencart-stanok/opencart/public_html/system/library/cache/file.php on line 68
2020-02-09 19:36:03 - PHP Warning:  unlink(/var/www/opencart-stanok/opencart/public_html/system/storage/cache/cache.catalog.language.1581280180): No such file or directory in /var/www/opencart-stanok/opencart/public_html/system/library/cache/file.php on line 68
2020-02-09 19:36:03 - PHP Warning:  unlink(/var/www/opencart-stanok/opencart/public_html/system/storage/cache/cache.catalog.language.1581280180): No such file or directory in /var/www/opencart-stanok/opencart/public_html/system/library/cache/file.php on line 68
2020-02-09 19:36:04 - PHP Warning:  unlink(/var/www/opencart-stanok/opencart/public_html/system/storage/cache/cache.catalog.language.1581280180): No such file or directory in /var/www/opencart-stanok/opencart/public_html/system/library/cache/file.php on line 68
2020-02-09 19:36:04 - PHP Warning:  unlink(/var/www/opencart-stanok/opencart/public_html/system/storage/cache/cache.catalog.language.1581280180): No such file or directory in /var/www/opencart-stanok/opencart/public_html/system/library/cache/file.php on line 68
2020-02-09 19:36:04 - PHP Warning:  unlink(/var/www/opencart-stanok/opencart/public_html/system/storage/cache/cache.catalog.language.1581280180): No such file or directory in /var/www/opencart-stanok/opencart/public_html/system/library/cache/file.php on line 68
2020-02-09 19:36:04 - PHP Warning:  unlink(/var/www/opencart-stanok/opencart/public_html/system/storage/cache/cache.catalog.language.1581280180): No such file or directory in /var/www/opencart-stanok/opencart/public_html/system/library/cache/file.php on line 68
2020-02-09 19:36:04 - PHP Warning:  unlink(/var/www/opencart-stanok/opencart/public_html/system/storage/cache/cache.catalog.language.1581280180): No such file or directory in /var/www/opencart-stanok/opencart/public_html/system/library/cache/file.php on line 68
2020-02-09 19:36:17 - PHP Warning:  unlink(/var/www/opencart-stanok/opencart/public_html/system/storage/cache/cache.catalog.language.1581280180): No such file or directory in /var/www/opencart-stanok/opencart/public_html/system/library/cache/file.php on line 68
2020-02-09 19:36:17 - PHP Warning:  unlink(/var/www/opencart-stanok/opencart/public_html/system/storage/cache/cache.catalog.language.1581280180): No such file or directory in /var/www/opencart-stanok/opencart/public_html/system/library/cache/file.php on line 68
2020-02-09 19:36:18 - PHP Warning:  unlink(/var/www/opencart-stanok/opencart/public_html/system/storage/cache/cache.catalog.language.1581280180): No such file or directory in /var/www/opencart-stanok/opencart/public_html/system/library/cache/file.php on line 68
2020-02-09 19:36:18 - PHP Warning:  unlink(/var/www/opencart-stanok/opencart/public_html/system/storage/cache/cache.catalog.language.1581280180): No such file or directory in /var/www/opencart-stanok/opencart/public_html/system/library/cache/file.php on line 68
2020-02-09 19:36:18 - PHP Warning:  unlink(/var/www/opencart-stanok/opencart/public_html/system/storage/cache/cache.catalog.language.1581280577): No such file or directory in /var/www/opencart-stanok/opencart/public_html/system/library/cache/file.php on line 68
2020-02-09 19:36:18 - PHP Warning:  unlink(/var/www/opencart-stanok/opencart/public_html/system/storage/cache/cache.catalog.language.1581280577): No such file or directory in /var/www/opencart-stanok/opencart/public_html/system/library/cache/file.php on line 68
2020-02-09 19:36:18 - PHP Warning:  unlink(/var/www/opencart-stanok/opencart/public_html/system/storage/cache/cache.catalog.language.1581280180): No such file or directory in /var/www/opencart-stanok/opencart/public_html/system/library/cache/file.php on line 68
2020-02-09 19:36:18 - PHP Warning:  unlink(/var/www/opencart-stanok/opencart/public_html/system/storage/cache/cache.catalog.language.1581280180): No such file or directory in /var/www/opencart-stanok/opencart/public_html/system/library/cache/file.php on line 68
2020-02-09 19:36:18 - PHP Warning:  unlink(/var/www/opencart-stanok/opencart/public_html/system/storage/cache/cache.catalog.language.1581280180): No such file or directory in /var/www/opencart-stanok/opencart/public_html/system/library/cache/file.php on line 68
2020-02-09 19:36:18 - PHP Warning:  unlink(/var/www/opencart-stanok/opencart/public_html/system/storage/cache/cache.catalog.language.1581280578): No such file or directory in /var/www/opencart-stanok/opencart/public_html/system/library/cache/file.php on line 68
2020-02-09 19:36:19 - PHP Warning:  unlink(/var/www/opencart-stanok/opencart/public_html/system/storage/cache/cache.catalog.language.1581280180): No such file or directory in /var/www/opencart-stanok/opencart/public_html/system/library/cache/file.php on line 68
2020-02-09 19:36:19 - PHP Warning:  unlink(/var/www/opencart-stanok/opencart/public_html/system/storage/cache/cache.catalog.language.1581280180): No such file or directory in /var/www/opencart-stanok/opencart/public_html/system/library/cache/file.php on line 68
2020-02-09 19:36:19 - PHP Warning:  unlink(/var/www/opencart-stanok/opencart/public_html/system/storage/cache/cache.catalog.language.1581280180): No such file or directory in /var/www/opencart-stanok/opencart/public_html/system/library/cache/file.php on line 68
2020-02-09 19:36:19 - PHP Warning:  unlink(/var/www/opencart-stanok/opencart/public_html/system/storage/cache/cache.catalog.language.1581280180): No such file or directory in /var/www/opencart-stanok/opencart/public_html/system/library/cache/file.php on line 68
2020-02-09 19:36:19 - PHP Warning:  unlink(/var/www/opencart-stanok/opencart/public_html/system/storage/cache/cache.catalog.language.1581280579): No such file or directory in /var/www/opencart-stanok/opencart/public_html/system/library/cache/file.php on line 68
2020-02-09 19:36:19 - PHP Warning:  unlink(/var/www/opencart-stanok/opencart/public_html/system/storage/cache/cache.catalog.language.1581280579): No such file or directory in /var/www/opencart-stanok/opencart/public_html/system/library/cache/file.php on line 68
2020-02-09 19:36:19 - PHP Warning:  unlink(/var/www/opencart-stanok/opencart/public_html/system/storage/cache/cache.catalog.language.1581280180): No such file or directory in /var/www/opencart-stanok/opencart/public_html/system/library/cache/file.php on line 68
2020-02-09 19:36:19 - PHP Warning:  unlink(/var/www/opencart-stanok/opencart/public_html/system/storage/cache/cache.catalog.language.1581280180): No such file or directory in /var/www/opencart-stanok/opencart/public_html/system/library/cache/file.php on line 68
2020-02-09 19:36:19 - PHP Warning:  unlink(/var/www/opencart-stanok/opencart/public_html/system/storage/cache/cache.catalog.language.1581280579): No such file or directory in /var/www/opencart-stanok/opencart/public_html/system/library/cache/file.php on line 68
2020-02-09 19:36:19 - PHP Warning:  unlink(/var/www/opencart-stanok/opencart/public_html/system/storage/cache/cache.catalog.language.1581280180): No such file or directory in /var/www/opencart-stanok/opencart/public_html/system/library/cache/file.php on line 68
2020-02-09 19:36:19 - PHP Warning:  unlink(/var/www/opencart-stanok/opencart/public_html/system/storage/cache/cache.catalog.language.1581280180): No such file or directory in /var/www/opencart-stanok/opencart/public_html/system/library/cache/file.php on line 68
2020-02-09 19:36:19 - PHP Warning:  unlink(/var/www/opencart-stanok/opencart/public_html/system/storage/cache/cache.catalog.language.1581280180): No such file or directory in /var/www/opencart-stanok/opencart/public_html/system/library/cache/file.php on line 68
2020-02-09 19:36:20 - PHP Warning:  unlink(/var/www/opencart-stanok/opencart/public_html/system/storage/cache/cache.catalog.language.1581280180): No such file or directory in /var/www/opencart-stanok/opencart/public_html/system/library/cache/file.php on line 68
2020-02-09 19:36:20 - PHP Warning:  unlink(/var/www/opencart-stanok/opencart/public_html/system/storage/cache/cache.catalog.language.1581280180): No such file or directory in /var/www/opencart-stanok/opencart/public_html/system/library/cache/file.php on line 68
2020-02-09 19:36:20 - PHP Warning:  unlink(/var/www/opencart-stanok/opencart/public_html/system/storage/cache/cache.catalog.language.1581280180): No such file or directory in /var/www/opencart-stanok/opencart/public_html/system/library/cache/file.php on line 68
2020-02-09 19:36:20 - PHP Warning:  unlink(/var/www/opencart-stanok/opencart/public_html/system/storage/cache/cache.catalog.language.1581280180): No such file or directory in /var/www/opencart-stanok/opencart/public_html/system/library/cache/file.php on line 68
2020-02-09 19:36:20 - PHP Warning:  unlink(/var/www/opencart-stanok/opencart/public_html/system/storage/cache/cache.catalog.language.1581280180): No such file or directory in /var/www/opencart-stanok/opencart/public_html/system/library/cache/file.php on line 68
2020-02-09 19:36:20 - PHP Warning:  unlink(/var/www/opencart-stanok/opencart/public_html/system/storage/cache/cache.catalog.language.1581280180): No such file or directory in /var/www/opencart-stanok/opencart/public_html/system/library/cache/file.php on line 68
2020-02-09 19:36:20 - PHP Warning:  unlink(/var/www/opencart-stanok/opencart/public_html/system/storage/cache/cache.catalog.language.1581280180): No such file or directory in /var/www/opencart-stanok/opencart/public_html/system/library/cache/file.php on line 68
2020-02-09 19:36:20 - PHP Warning:  unlink(/var/www/opencart-stanok/opencart/public_html/system/storage/cache/cache.catalog.language.1581280180): No such file or directory in /var/www/opencart-stanok/opencart/public_html/system/library/cache/file.php on line 68
2020-02-09 19:36:20 - PHP Warning:  unlink(/var/www/opencart-stanok/opencart/public_html/system/storage/cache/cache.catalog.language.1581280180): No such file or directory in /var/www/opencart-stanok/opencart/public_html/system/library/cache/file.php on line 68
2020-02-09 19:36:20 - PHP Warning:  unlink(/var/www/opencart-stanok/opencart/public_html/system/storage/cache/cache.catalog.language.1581280180): No such file or directory in /var/www/opencart-stanok/opencart/public_html/system/library/cache/file.php on line 68
2020-02-09 19:36:20 - PHP Warning:  unlink(/var/www/opencart-stanok/opencart/public_html/system/storage/cache/cache.catalog.language.1581280180): No such file or directory in /var/www/opencart-stanok/opencart/public_html/system/library/cache/file.php on line 68
2020-02-09 19:36:20 - PHP Warning:  unlink(/var/www/opencart-stanok/opencart/public_html/system/storage/cache/cache.catalog.language.1581280180): No such file or directory in /var/www/opencart-stanok/opencart/public_html/system/library/cache/file.php on line 68
2020-02-09 19:36:20 - PHP Warning:  unlink(/var/www/opencart-stanok/opencart/public_html/system/storage/cache/cache.catalog.language.1581280180): No such file or directory in /var/www/opencart-stanok/opencart/public_html/system/library/cache/file.php on line 68
2020-02-09 19:36:20 - PHP Warning:  unlink(/var/www/opencart-stanok/opencart/public_html/system/storage/cache/cache.catalog.language.1581280180): No such file or directory in /var/www/opencart-stanok/opencart/public_html/system/library/cache/file.php on line 68
2020-02-09 19:36:20 - PHP Warning:  unlink(/var/www/opencart-stanok/opencart/public_html/system/storage/cache/cache.catalog.language.1581280180): No such file or directory in /var/www/opencart-stanok/opencart/public_html/system/library/cache/file.php on line 68
2020-02-09 19:36:21 - PHP Warning:  unlink(/var/www/opencart-stanok/opencart/public_html/system/storage/cache/cache.catalog.language.1581280180): No such file or directory in /var/www/opencart-stanok/opencart/public_html/system/library/cache/file.php on line 68
2020-02-09 19:36:21 - PHP Warning:  unlink(/var/www/opencart-stanok/opencart/public_html/system/storage/cache/cache.catalog.language.1581280180): No such file or directory in /var/www/opencart-stanok/opencart/public_html/system/library/cache/file.php on line 68
2020-02-09 19:36:21 - PHP Warning:  unlink(/var/www/opencart-stanok/opencart/public_html/system/storage/cache/cache.catalog.language.1581280180): No such file or directory in /var/www/opencart-stanok/opencart/public_html/system/library/cache/file.php on line 68
2020-02-09 19:36:21 - PHP Warning:  unlink(/var/www/opencart-stanok/opencart/public_html/system/storage/cache/cache.catalog.language.1581280180): No such file or directory in /var/www/opencart-stanok/opencart/public_html/system/library/cache/file.php on line 68
2020-02-09 19:36:21 - PHP Warning:  unlink(/var/www/opencart-stanok/opencart/public_html/system/storage/cache/cache.catalog.language.1581280180): No such file or directory in /var/www/opencart-stanok/opencart/public_html/system/library/cache/file.php on line 68
2020-02-09 19:36:21 - PHP Warning:  unlink(/var/www/opencart-stanok/opencart/public_html/system/storage/cache/cache.catalog.language.1581280180): No such file or directory in /var/www/opencart-stanok/opencart/public_html/system/library/cache/file.php on line 68
2020-02-09 19:36:21 - PHP Warning:  unlink(/var/www/opencart-stanok/opencart/public_html/system/storage/cache/cache.catalog.language.1581280180): No such file or directory in /var/www/opencart-stanok/opencart/public_html/system/library/cache/file.php on line 68
2020-02-09 19:36:21 - PHP Warning:  unlink(/var/www/opencart-stanok/opencart/public_html/system/storage/cache/cache.catalog.language.1581280180): No such file or directory in /var/www/opencart-stanok/opencart/public_html/system/library/cache/file.php on line 68
2020-02-09 19:36:27 - PHP Warning:  unlink(/var/www/opencart-stanok/opencart/public_html/system/storage/cache/cache.catalog.language.1581280180): No such file or directory in /var/www/opencart-stanok/opencart/public_html/system/library/cache/file.php on line 68
2020-02-09 19:36:28 - PHP Warning:  unlink(/var/www/opencart-stanok/opencart/public_html/system/storage/cache/cache.catalog.language.1581280180): No such file or directory in /var/www/opencart-stanok/opencart/public_html/system/library/cache/file.php on line 68
2020-02-09 19:36:29 - PHP Warning:  unlink(/var/www/opencart-stanok/opencart/public_html/system/storage/cache/cache.catalog.language.1581280180): No such file or directory in /var/www/opencart-stanok/opencart/public_html/system/library/cache/file.php on line 68
2020-02-09 19:36:29 - PHP Warning:  unlink(/var/www/opencart-stanok/opencart/public_html/system/storage/cache/cache.catalog.language.1581280180): No such file or directory in /var/www/opencart-stanok/opencart/public_html/system/library/cache/file.php on line 68
2020-02-09 19:36:29 - PHP Warning:  unlink(/var/www/opencart-stanok/opencart/public_html/system/storage/cache/cache.catalog.language.1581280588): No such file or directory in /var/www/opencart-stanok/opencart/public_html/system/library/cache/file.php on line 68
2020-02-09 19:36:29 - PHP Warning:  unlink(/var/www/opencart-stanok/opencart/public_html/system/storage/cache/cache.catalog.language.1581280588): No such file or directory in /var/www/opencart-stanok/opencart/public_html/system/library/cache/file.php on line 68
2020-02-09 19:36:29 - PHP Warning:  unlink(/var/www/opencart-stanok/opencart/public_html/system/storage/cache/cache.catalog.language.1581280180): No such file or directory in /var/www/opencart-stanok/opencart/public_html/system/library/cache/file.php on line 68
2020-02-09 19:36:29 - PHP Warning:  unlink(/var/www/opencart-stanok/opencart/public_html/system/storage/cache/cache.catalog.language.1581280180): No such file or directory in /var/www/opencart-stanok/opencart/public_html/system/library/cache/file.php on line 68
2020-02-09 19:36:29 - PHP Warning:  unlink(/var/www/opencart-stanok/opencart/public_html/system/storage/cache/cache.catalog.language.1581280589): No such file or directory in /var/www/opencart-stanok/opencart/public_html/system/library/cache/file.php on line 68
2020-02-09 19:36:29 - PHP Warning:  unlink(/var/www/opencart-stanok/opencart/public_html/system/storage/cache/cache.catalog.language.1581280180): No such file or directory in /var/www/opencart-stanok/opencart/public_html/system/library/cache/file.php on line 68
2020-02-09 19:36:29 - PHP Warning:  unlink(/var/www/opencart-stanok/opencart/public_html/system/storage/cache/cache.catalog.language.1581280180): No such file or directory in /var/www/opencart-stanok/opencart/public_html/system/library/cache/file.php on line 68
2020-02-09 19:36:29 - PHP Warning:  unlink(/var/www/opencart-stanok/opencart/public_html/system/storage/cache/cache.catalog.language.1581280589): No such file or directory in /var/www/opencart-stanok/opencart/public_html/system/library/cache/file.php on line 68
2020-02-09 19:36:29 - PHP Warning:  unlink(/var/www/opencart-stanok/opencart/public_html/system/storage/cache/cache.catalog.language.1581280180): No such file or directory in /var/www/opencart-stanok/opencart/public_html/system/library/cache/file.php on line 68
2020-02-09 19:37:05 - PHP Warning:  unlink(/var/www/opencart-stanok/opencart/public_html/system/storage/cache/cache.catalog.language.1581280180): No such file or directory in /var/www/opencart-stanok/opencart/public_html/system/library/cache/file.php on line 68
2020-02-09 19:37:05 - PHP Warning:  unlink(/var/www/opencart-stanok/opencart/public_html/system/storage/cache/cache.catalog.language.1581280589): No such file or directory in /var/www/opencart-stanok/opencart/public_html/system/library/cache/file.php on line 68
2020-02-09 19:37:05 - PHP Warning:  unlink(/var/www/opencart-stanok/opencart/public_html/system/storage/cache/cache.catalog.language.1581280180): No such file or directory in /var/www/opencart-stanok/opencart/public_html/system/library/cache/file.php on line 68
2020-02-09 19:37:05 - PHP Warning:  unlink(/var/www/opencart-stanok/opencart/public_html/system/storage/cache/cache.catalog.language.1581280180): No such file or directory in /var/www/opencart-stanok/opencart/public_html/system/library/cache/file.php on line 68
2020-02-09 19:37:05 - PHP Warning:  unlink(/var/www/opencart-stanok/opencart/public_html/system/storage/cache/cache.catalog.language.1581280180): No such file or directory in /var/www/opencart-stanok/opencart/public_html/system/library/cache/file.php on line 68
2020-02-09 19:37:05 - PHP Warning:  unlink(/var/www/opencart-stanok/opencart/public_html/system/storage/cache/cache.catalog.language.1581280180): No such file or directory in /var/www/opencart-stanok/opencart/public_html/system/library/cache/file.php on line 68
2020-02-09 19:37:05 - PHP Warning:  unlink(/var/www/opencart-stanok/opencart/public_html/system/storage/cache/cache.catalog.language.1581280625): No such file or directory in /var/www/opencart-stanok/opencart/public_html/system/library/cache/file.php on line 68
2020-02-09 19:37:05 - PHP Warning:  unlink(/var/www/opencart-stanok/opencart/public_html/system/storage/cache/cache.catalog.language.1581280625): No such file or directory in /var/www/opencart-stanok/opencart/public_html/system/library/cache/file.php on line 68
2020-02-09 19:37:05 - PHP Warning:  unlink(/var/www/opencart-stanok/opencart/public_html/system/storage/cache/cache.catalog.language.1581280180): No such file or directory in /var/www/opencart-stanok/opencart/public_html/system/library/cache/file.php on line 68
2020-02-09 19:37:06 - PHP Warning:  unlink(/var/www/opencart-stanok/opencart/public_html/system/storage/cache/cache.catalog.language.1581280180): No such file or directory in /var/www/opencart-stanok/opencart/public_html/system/library/cache/file.php on line 68
2020-02-09 19:37:06 - PHP Warning:  unlink(/var/www/opencart-stanok/opencart/public_html/system/storage/cache/cache.catalog.language.1581280180): No such file or directory in /var/www/opencart-stanok/opencart/public_html/system/library/cache/file.php on line 68
2020-02-09 19:37:06 - PHP Warning:  unlink(/var/www/opencart-stanok/opencart/public_html/system/storage/cache/cache.catalog.language.1581280626): No such file or directory in /var/www/opencart-stanok/opencart/public_html/system/library/cache/file.php on line 68
2020-02-09 19:37:06 - PHP Warning:  unlink(/var/www/opencart-stanok/opencart/public_html/system/storage/cache/cache.catalog.language.1581280180): No such file or directory in /var/www/opencart-stanok/opencart/public_html/system/library/cache/file.php on line 68
2020-02-09 19:37:06 - PHP Warning:  unlink(/var/www/opencart-stanok/opencart/public_html/system/storage/cache/cache.catalog.language.1581280180): No such file or directory in /var/www/opencart-stanok/opencart/public_html/system/library/cache/file.php on line 68
2020-02-09 19:37:06 - PHP Warning:  unlink(/var/www/opencart-stanok/opencart/public_html/system/storage/cache/cache.catalog.language.1581280180): No such file or directory in /var/www/opencart-stanok/opencart/public_html/system/library/cache/file.php on line 68
2020-02-09 19:37:06 - PHP Warning:  unlink(/var/www/opencart-stanok/opencart/public_html/system/storage/cache/cache.catalog.language.1581280180): No such file or directory in /var/www/opencart-stanok/opencart/public_html/system/library/cache/file.php on line 68
2020-02-09 19:37:06 - PHP Warning:  unlink(/var/www/opencart-stanok/opencart/public_html/system/storage/cache/cache.catalog.language.1581280180): No such file or directory in /var/www/opencart-stanok/opencart/public_html/system/library/cache/file.php on line 68
2020-02-09 19:37:06 - PHP Warning:  unlink(/var/www/opencart-stanok/opencart/public_html/system/storage/cache/cache.catalog.language.1581280180): No such file or directory in /var/www/opencart-stanok/opencart/public_html/system/library/cache/file.php on line 68
2020-02-09 19:37:06 - PHP Warning:  unlink(/var/www/opencart-stanok/opencart/public_html/system/storage/cache/cache.catalog.language.1581280180): No such file or directory in /var/www/opencart-stanok/opencart/public_html/system/library/cache/file.php on line 68
2020-02-09 19:37:06 - PHP Warning:  unlink(/var/www/opencart-stanok/opencart/public_html/system/storage/cache/cache.catalog.language.1581280180): No such file or directory in /var/www/opencart-stanok/opencart/public_html/system/library/cache/file.php on line 68
2020-02-09 19:37:06 - PHP Warning:  unlink(/var/www/opencart-stanok/opencart/public_html/system/storage/cache/cache.catalog.language.1581280626): No such file or directory in /var/www/opencart-stanok/opencart/public_html/system/library/cache/file.php on line 68
2020-02-09 19:37:06 - PHP Warning:  unlink(/var/www/opencart-stanok/opencart/public_html/system/storage/cache/cache.catalog.language.1581280626): No such file or directory in /var/www/opencart-stanok/opencart/public_html/system/library/cache/file.php on line 68
2020-02-09 19:37:06 - PHP Warning:  unlink(/var/www/opencart-stanok/opencart/public_html/system/storage/cache/cache.catalog.language.1581280180): No such file or directory in /var/www/opencart-stanok/opencart/public_html/system/library/cache/file.php on line 68
2020-02-09 19:37:06 - PHP Warning:  unlink(/var/www/opencart-stanok/opencart/public_html/system/storage/cache/cache.catalog.language.1581280180): No such file or directory in /var/www/opencart-stanok/opencart/public_html/system/library/cache/file.php on line 68
2020-02-09 19:37:06 - PHP Warning:  unlink(/var/www/opencart-stanok/opencart/public_html/system/storage/cache/cache.catalog.language.1581280180): No such file or directory in /var/www/opencart-stanok/opencart/public_html/system/library/cache/file.php on line 68
2020-02-09 19:37:06 - PHP Warning:  unlink(/var/www/opencart-stanok/opencart/public_html/system/storage/cache/cache.catalog.language.1581280180): No such file or directory in /var/www/opencart-stanok/opencart/public_html/system/library/cache/file.php on line 68
2020-02-09 19:37:06 - PHP Warning:  unlink(/var/www/opencart-stanok/opencart/public_html/system/storage/cache/cache.catalog.language.1581280180): No such file or directory in /var/www/opencart-stanok/opencart/public_html/system/library/cache/file.php on line 68
2020-02-09 19:37:06 - PHP Warning:  unlink(/var/www/opencart-stanok/opencart/public_html/system/storage/cache/cache.catalog.language.1581280180): No such file or directory in /var/www/opencart-stanok/opencart/public_html/system/library/cache/file.php on line 68
2020-02-09 19:37:07 - PHP Warning:  unlink(/var/www/opencart-stanok/opencart/public_html/system/storage/cache/cache.catalog.language.1581280180): No such file or directory in /var/www/opencart-stanok/opencart/public_html/system/library/cache/file.php on line 68
2020-02-09 19:37:07 - PHP Warning:  unlink(/var/www/opencart-stanok/opencart/public_html/system/storage/cache/cache.catalog.language.1581280180): No such file or directory in /var/www/opencart-stanok/opencart/public_html/system/library/cache/file.php on line 68
2020-02-09 19:37:07 - PHP Warning:  unlink(/var/www/opencart-stanok/opencart/public_html/system/storage/cache/cache.catalog.language.1581280180): No such file or directory in /var/www/opencart-stanok/opencart/public_html/system/library/cache/file.php on line 68
2020-02-09 19:37:07 - PHP Warning:  unlink(/var/www/opencart-stanok/opencart/public_html/system/storage/cache/cache.catalog.language.1581280180): No such file or directory in /var/www/opencart-stanok/opencart/public_html/system/library/cache/file.php on line 68
2020-02-09 19:37:58 - PHP Warning:  unlink(/var/www/opencart-stanok/opencart/public_html/system/storage/cache/cache.catalog.language.1581280180): No such file or directory in /var/www/opencart-stanok/opencart/public_html/system/library/cache/file.php on line 68
2020-02-09 19:37:58 - PHP Warning:  unlink(/var/www/opencart-stanok/opencart/public_html/system/storage/cache/cache.catalog.language.1581280180): No such file or directory in /var/www/opencart-stanok/opencart/public_html/system/library/cache/file.php on line 68
2020-02-09 19:37:59 - PHP Warning:  unlink(/var/www/opencart-stanok/opencart/public_html/system/storage/cache/cache.catalog.language.1581280180): No such file or directory in /var/www/opencart-stanok/opencart/public_html/system/library/cache/file.php on line 68
2020-02-09 19:37:59 - PHP Warning:  unlink(/var/www/opencart-stanok/opencart/public_html/system/storage/cache/cache.catalog.language.1581280180): No such file or directory in /var/www/opencart-stanok/opencart/public_html/system/library/cache/file.php on line 68
2020-02-09 19:37:59 - PHP Warning:  unlink(/var/www/opencart-stanok/opencart/public_html/system/storage/cache/cache.catalog.language.1581280180): No such file or directory in /var/www/opencart-stanok/opencart/public_html/system/library/cache/file.php on line 68
2020-02-09 19:37:59 - PHP Warning:  unlink(/var/www/opencart-stanok/opencart/public_html/system/storage/cache/cache.catalog.language.1581280180): No such file or directory in /var/www/opencart-stanok/opencart/public_html/system/library/cache/file.php on line 68
2020-02-09 19:39:05 - PHP Warning:  unlink(/var/www/opencart-stanok/opencart/public_html/system/storage/cache/cache.catalog.language.1581280180): No such file or directory in /var/www/opencart-stanok/opencart/public_html/system/library/cache/file.php on line 68
2020-02-09 19:39:05 - PHP Warning:  unlink(/var/www/opencart-stanok/opencart/public_html/system/storage/cache/cache.catalog.language.1581280180): No such file or directory in /var/www/opencart-stanok/opencart/public_html/system/library/cache/file.php on line 68
2020-02-09 19:39:06 - PHP Warning:  unlink(/var/www/opencart-stanok/opencart/public_html/system/storage/cache/cache.catalog.language.1581280180): No such file or directory in /var/www/opencart-stanok/opencart/public_html/system/library/cache/file.php on line 68
2020-02-09 19:39:06 - PHP Warning:  unlink(/var/www/opencart-stanok/opencart/public_html/system/storage/cache/cache.catalog.language.1581280180): No such file or directory in /var/www/opencart-stanok/opencart/public_html/system/library/cache/file.php on line 68
2020-02-09 19:39:06 - PHP Warning:  unlink(/var/www/opencart-stanok/opencart/public_html/system/storage/cache/cache.catalog.language.1581280180): No such file or directory in /var/www/opencart-stanok/opencart/public_html/system/library/cache/file.php on line 68
2020-02-09 19:39:06 - PHP Warning:  unlink(/var/www/opencart-stanok/opencart/public_html/system/storage/cache/cache.catalog.language.1581280180): No such file or directory in /var/www/opencart-stanok/opencart/public_html/system/library/cache/file.php on line 68
2020-02-09 19:39:38 - PHP Warning:  unlink(/var/www/opencart-stanok/opencart/public_html/system/storage/cache/cache.catalog.language.1581280180): No such file or directory in /var/www/opencart-stanok/opencart/public_html/system/library/cache/file.php on line 68
2020-02-09 19:39:39 - PHP Warning:  unlink(/var/www/opencart-stanok/opencart/public_html/system/storage/cache/cache.catalog.language.1581280180): No such file or directory in /var/www/opencart-stanok/opencart/public_html/system/library/cache/file.php on line 68
2020-02-09 19:39:39 - PHP Warning:  unlink(/var/www/opencart-stanok/opencart/public_html/system/storage/cache/cache.catalog.language.1581280180): No such file or directory in /var/www/opencart-stanok/opencart/public_html/system/library/cache/file.php on line 68
2020-02-09 19:39:39 - PHP Warning:  unlink(/var/www/opencart-stanok/opencart/public_html/system/storage/cache/cache.catalog.language.1581280180): No such file or directory in /var/www/opencart-stanok/opencart/public_html/system/library/cache/file.php on line 68
2020-02-09 19:39:39 - PHP Warning:  unlink(/var/www/opencart-stanok/opencart/public_html/system/storage/cache/cache.catalog.language.1581280180): No such file or directory in /var/www/opencart-stanok/opencart/public_html/system/library/cache/file.php on line 68
2020-02-09 19:39:40 - PHP Warning:  unlink(/var/www/opencart-stanok/opencart/public_html/system/storage/cache/cache.catalog.language.1581280180): No such file or directory in /var/www/opencart-stanok/opencart/public_html/system/library/cache/file.php on line 68
2020-02-09 19:39:48 - PHP Warning:  unlink(/var/www/opencart-stanok/opencart/public_html/system/storage/cache/cache.catalog.language.1581280180): No such file or directory in /var/www/opencart-stanok/opencart/public_html/system/library/cache/file.php on line 68
2020-02-09 19:39:49 - PHP Warning:  unlink(/var/www/opencart-stanok/opencart/public_html/system/storage/cache/cache.catalog.language.1581280180): No such file or directory in /var/www/opencart-stanok/opencart/public_html/system/library/cache/file.php on line 68
2020-02-09 19:39:49 - PHP Warning:  unlink(/var/www/opencart-stanok/opencart/public_html/system/storage/cache/cache.catalog.language.1581280180): No such file or directory in /var/www/opencart-stanok/opencart/public_html/system/library/cache/file.php on line 68
2020-02-09 19:39:50 - PHP Warning:  unlink(/var/www/opencart-stanok/opencart/public_html/system/storage/cache/cache.catalog.language.1581280180): No such file or directory in /var/www/opencart-stanok/opencart/public_html/system/library/cache/file.php on line 68
2020-02-09 19:39:50 - PHP Warning:  unlink(/var/www/opencart-stanok/opencart/public_html/system/storage/cache/cache.catalog.language.1581280180): No such file or directory in /var/www/opencart-stanok/opencart/public_html/system/library/cache/file.php on line 68
2020-02-09 19:39:50 - PHP Warning:  unlink(/var/www/opencart-stanok/opencart/public_html/system/storage/cache/cache.catalog.language.1581280180): No such file or directory in /var/www/opencart-stanok/opencart/public_html/system/library/cache/file.php on line 68
2020-02-09 19:42:58 - PHP Warning:  unlink(/var/www/opencart-stanok/opencart/public_html/system/storage/cache/cache.catalog.language.1581280180): No such file or directory in /var/www/opencart-stanok/opencart/public_html/system/library/cache/file.php on line 68
2020-02-09 19:42:59 - PHP Warning:  unlink(/var/www/opencart-stanok/opencart/public_html/system/storage/cache/cache.catalog.language.1581280180): No such file or directory in /var/www/opencart-stanok/opencart/public_html/system/library/cache/file.php on line 68
2020-02-09 19:43:00 - PHP Warning:  unlink(/var/www/opencart-stanok/opencart/public_html/system/storage/cache/cache.catalog.language.1581280180): No such file or directory in /var/www/opencart-stanok/opencart/public_html/system/library/cache/file.php on line 68
2020-02-09 19:43:00 - PHP Warning:  unlink(/var/www/opencart-stanok/opencart/public_html/system/storage/cache/cache.catalog.language.1581280180): No such file or directory in /var/www/opencart-stanok/opencart/public_html/system/library/cache/file.php on line 68
2020-02-09 19:43:00 - PHP Warning:  unlink(/var/www/opencart-stanok/opencart/public_html/system/storage/cache/cache.catalog.language.1581280180): No such file or directory in /var/www/opencart-stanok/opencart/public_html/system/library/cache/file.php on line 68
2020-02-09 19:43:00 - PHP Warning:  unlink(/var/www/opencart-stanok/opencart/public_html/system/storage/cache/cache.catalog.language.1581280180): No such file or directory in /var/www/opencart-stanok/opencart/public_html/system/library/cache/file.php on line 68
2020-02-09 19:43:00 - PHP Warning:  unlink(/var/www/opencart-stanok/opencart/public_html/system/storage/cache/cache.catalog.language.1581280980): No such file or directory in /var/www/opencart-stanok/opencart/public_html/system/library/cache/file.php on line 68
2020-02-09 19:43:41 - PHP Warning:  unlink(/var/www/opencart-stanok/opencart/public_html/system/storage/cache/cache.catalog.language.1581280180): No such file or directory in /var/www/opencart-stanok/opencart/public_html/system/library/cache/file.php on line 68
2020-02-09 19:43:41 - PHP Warning:  unlink(/var/www/opencart-stanok/opencart/public_html/system/storage/cache/cache.catalog.language.1581280180): No such file or directory in /var/www/opencart-stanok/opencart/public_html/system/library/cache/file.php on line 68
2020-02-09 19:43:42 - PHP Warning:  unlink(/var/www/opencart-stanok/opencart/public_html/system/storage/cache/cache.catalog.language.1581280180): No such file or directory in /var/www/opencart-stanok/opencart/public_html/system/library/cache/file.php on line 68
2020-02-09 19:43:42 - PHP Warning:  unlink(/var/www/opencart-stanok/opencart/public_html/system/storage/cache/cache.catalog.language.1581280180): No such file or directory in /var/www/opencart-stanok/opencart/public_html/system/library/cache/file.php on line 68
2020-02-09 19:43:42 - PHP Warning:  unlink(/var/www/opencart-stanok/opencart/public_html/system/storage/cache/cache.catalog.language.1581280180): No such file or directory in /var/www/opencart-stanok/opencart/public_html/system/library/cache/file.php on line 68
2020-02-09 19:43:42 - PHP Warning:  unlink(/var/www/opencart-stanok/opencart/public_html/system/storage/cache/cache.catalog.language.1581280180): No such file or directory in /var/www/opencart-stanok/opencart/public_html/system/library/cache/file.php on line 68
2020-02-09 19:45:28 - PHP Warning:  unlink(/var/www/opencart-stanok/opencart/public_html/system/storage/cache/cache.catalog.language.1581280180): No such file or directory in /var/www/opencart-stanok/opencart/public_html/system/library/cache/file.php on line 68
2020-02-09 19:45:29 - PHP Notice:  Undefined index: start in /var/www/opencart-stanok/opencart/public_html/catalog/model/catalog/product.php on line 187
2020-02-09 19:45:29 - PHP Notice:  Undefined index: start in /var/www/opencart-stanok/opencart/public_html/catalog/model/catalog/product.php on line 195
2020-02-09 19:45:29 - PHP Warning:  unlink(/var/www/opencart-stanok/opencart/public_html/system/storage/cache/cache.catalog.language.1581280180): No such file or directory in /var/www/opencart-stanok/opencart/public_html/system/library/cache/file.php on line 68
2020-02-09 19:45:29 - PHP Warning:  unlink(/var/www/opencart-stanok/opencart/public_html/system/storage/cache/cache.catalog.language.1581280180): No such file or directory in /var/www/opencart-stanok/opencart/public_html/system/library/cache/file.php on line 68
2020-02-09 19:45:29 - PHP Warning:  unlink(/var/www/opencart-stanok/opencart/public_html/system/storage/cache/cache.catalog.language.1581280180): No such file or directory in /var/www/opencart-stanok/opencart/public_html/system/library/cache/file.php on line 68
2020-02-09 19:45:29 - PHP Warning:  unlink(/var/www/opencart-stanok/opencart/public_html/system/storage/cache/cache.catalog.language.1581280180): No such file or directory in /var/www/opencart-stanok/opencart/public_html/system/library/cache/file.php on line 68
2020-02-09 19:45:30 - PHP Warning:  unlink(/var/www/opencart-stanok/opencart/public_html/system/storage/cache/cache.catalog.language.1581280180): No such file or directory in /var/www/opencart-stanok/opencart/public_html/system/library/cache/file.php on line 68
2020-02-09 19:45:43 - PHP Warning:  unlink(/var/www/opencart-stanok/opencart/public_html/system/storage/cache/cache.catalog.language.1581280180): No such file or directory in /var/www/opencart-stanok/opencart/public_html/system/library/cache/file.php on line 68
2020-02-09 19:45:43 - PHP Notice:  Undefined index: start in /var/www/opencart-stanok/opencart/public_html/catalog/model/catalog/product.php on line 187
2020-02-09 19:45:43 - PHP Notice:  Undefined index: start in /var/www/opencart-stanok/opencart/public_html/catalog/model/catalog/product.php on line 195
2020-02-09 19:45:43 - PHP Warning:  unlink(/var/www/opencart-stanok/opencart/public_html/system/storage/cache/cache.catalog.language.1581280180): No such file or directory in /var/www/opencart-stanok/opencart/public_html/system/library/cache/file.php on line 68
2020-02-09 19:45:43 - PHP Warning:  unlink(/var/www/opencart-stanok/opencart/public_html/system/storage/cache/cache.catalog.language.1581280180): No such file or directory in /var/www/opencart-stanok/opencart/public_html/system/library/cache/file.php on line 68
2020-02-09 19:45:44 - PHP Warning:  unlink(/var/www/opencart-stanok/opencart/public_html/system/storage/cache/cache.catalog.language.1581280180): No such file or directory in /var/www/opencart-stanok/opencart/public_html/system/library/cache/file.php on line 68
2020-02-09 19:45:44 - PHP Warning:  unlink(/var/www/opencart-stanok/opencart/public_html/system/storage/cache/cache.catalog.language.1581280180): No such file or directory in /var/www/opencart-stanok/opencart/public_html/system/library/cache/file.php on line 68
2020-02-09 19:45:44 - PHP Warning:  unlink(/var/www/opencart-stanok/opencart/public_html/system/storage/cache/cache.catalog.language.1581280180): No such file or directory in /var/www/opencart-stanok/opencart/public_html/system/library/cache/file.php on line 68
2020-02-09 19:45:48 - PHP Warning:  unlink(/var/www/opencart-stanok/opencart/public_html/system/storage/cache/cache.catalog.language.1581280180): No such file or directory in /var/www/opencart-stanok/opencart/public_html/system/library/cache/file.php on line 68
2020-02-09 19:45:48 - PHP Notice:  Undefined index: start in /var/www/opencart-stanok/opencart/public_html/catalog/model/catalog/product.php on line 187
2020-02-09 19:45:48 - PHP Notice:  Undefined index: start in /var/www/opencart-stanok/opencart/public_html/catalog/model/catalog/product.php on line 195
2020-02-09 19:45:48 - PHP Warning:  unlink(/var/www/opencart-stanok/opencart/public_html/system/storage/cache/cache.catalog.language.1581280180): No such file or directory in /var/www/opencart-stanok/opencart/public_html/system/library/cache/file.php on line 68
2020-02-09 19:45:49 - PHP Warning:  unlink(/var/www/opencart-stanok/opencart/public_html/system/storage/cache/cache.catalog.language.1581280180): No such file or directory in /var/www/opencart-stanok/opencart/public_html/system/library/cache/file.php on line 68
2020-02-09 19:45:49 - PHP Warning:  unlink(/var/www/opencart-stanok/opencart/public_html/system/storage/cache/cache.catalog.language.1581280180): No such file or directory in /var/www/opencart-stanok/opencart/public_html/system/library/cache/file.php on line 68
2020-02-09 19:45:49 - PHP Warning:  unlink(/var/www/opencart-stanok/opencart/public_html/system/storage/cache/cache.catalog.language.1581280180): No such file or directory in /var/www/opencart-stanok/opencart/public_html/system/library/cache/file.php on line 68
2020-02-09 19:45:50 - PHP Warning:  unlink(/var/www/opencart-stanok/opencart/public_html/system/storage/cache/cache.catalog.language.1581280180): No such file or directory in /var/www/opencart-stanok/opencart/public_html/system/library/cache/file.php on line 68
2020-02-09 19:45:52 - PHP Warning:  unlink(/var/www/opencart-stanok/opencart/public_html/system/storage/cache/cache.catalog.language.1581280180): No such file or directory in /var/www/opencart-stanok/opencart/public_html/system/library/cache/file.php on line 68
2020-02-09 19:45:53 - PHP Notice:  Undefined index: start in /var/www/opencart-stanok/opencart/public_html/catalog/model/catalog/product.php on line 187
2020-02-09 19:45:53 - PHP Notice:  Undefined index: start in /var/www/opencart-stanok/opencart/public_html/catalog/model/catalog/product.php on line 195
2020-02-09 19:45:53 - PHP Warning:  unlink(/var/www/opencart-stanok/opencart/public_html/system/storage/cache/cache.catalog.language.1581280180): No such file or directory in /var/www/opencart-stanok/opencart/public_html/system/library/cache/file.php on line 68
2020-02-09 19:45:53 - PHP Warning:  unlink(/var/www/opencart-stanok/opencart/public_html/system/storage/cache/cache.catalog.language.1581280180): No such file or directory in /var/www/opencart-stanok/opencart/public_html/system/library/cache/file.php on line 68
2020-02-09 19:45:53 - PHP Warning:  unlink(/var/www/opencart-stanok/opencart/public_html/system/storage/cache/cache.catalog.language.1581280180): No such file or directory in /var/www/opencart-stanok/opencart/public_html/system/library/cache/file.php on line 68
2020-02-09 19:45:54 - PHP Warning:  unlink(/var/www/opencart-stanok/opencart/public_html/system/storage/cache/cache.catalog.language.1581280180): No such file or directory in /var/www/opencart-stanok/opencart/public_html/system/library/cache/file.php on line 68
2020-02-09 19:45:54 - PHP Warning:  unlink(/var/www/opencart-stanok/opencart/public_html/system/storage/cache/cache.catalog.language.1581280180): No such file or directory in /var/www/opencart-stanok/opencart/public_html/system/library/cache/file.php on line 68
2020-02-09 19:46:04 - PHP Warning:  unlink(/var/www/opencart-stanok/opencart/public_html/system/storage/cache/cache.catalog.language.1581280180): No such file or directory in /var/www/opencart-stanok/opencart/public_html/system/library/cache/file.php on line 68
2020-02-09 19:46:04 - PHP Notice:  Undefined index: start in /var/www/opencart-stanok/opencart/public_html/catalog/model/catalog/product.php on line 187
2020-02-09 19:46:04 - PHP Notice:  Undefined index: start in /var/www/opencart-stanok/opencart/public_html/catalog/model/catalog/product.php on line 195
2020-02-09 19:46:04 - PHP Warning:  unlink(/var/www/opencart-stanok/opencart/public_html/system/storage/cache/cache.catalog.language.1581280180): No such file or directory in /var/www/opencart-stanok/opencart/public_html/system/library/cache/file.php on line 68
2020-02-09 19:46:05 - PHP Warning:  unlink(/var/www/opencart-stanok/opencart/public_html/system/storage/cache/cache.catalog.language.1581280180): No such file or directory in /var/www/opencart-stanok/opencart/public_html/system/library/cache/file.php on line 68
2020-02-09 19:46:05 - PHP Warning:  unlink(/var/www/opencart-stanok/opencart/public_html/system/storage/cache/cache.catalog.language.1581280180): No such file or directory in /var/www/opencart-stanok/opencart/public_html/system/library/cache/file.php on line 68
2020-02-09 19:46:05 - PHP Warning:  unlink(/var/www/opencart-stanok/opencart/public_html/system/storage/cache/cache.catalog.language.1581280180): No such file or directory in /var/www/opencart-stanok/opencart/public_html/system/library/cache/file.php on line 68
2020-02-09 19:46:05 - PHP Warning:  unlink(/var/www/opencart-stanok/opencart/public_html/system/storage/cache/cache.catalog.language.1581280180): No such file or directory in /var/www/opencart-stanok/opencart/public_html/system/library/cache/file.php on line 68
2020-02-09 19:46:10 - PHP Warning:  unlink(/var/www/opencart-stanok/opencart/public_html/system/storage/cache/cache.catalog.language.1581280180): No such file or directory in /var/www/opencart-stanok/opencart/public_html/system/library/cache/file.php on line 68
2020-02-09 19:46:11 - PHP Notice:  Undefined index: start in /var/www/opencart-stanok/opencart/public_html/catalog/model/catalog/product.php on line 187
2020-02-09 19:46:11 - PHP Notice:  Undefined index: start in /var/www/opencart-stanok/opencart/public_html/catalog/model/catalog/product.php on line 195
2020-02-09 19:46:11 - PHP Warning:  unlink(/var/www/opencart-stanok/opencart/public_html/system/storage/cache/cache.catalog.language.1581280180): No such file or directory in /var/www/opencart-stanok/opencart/public_html/system/library/cache/file.php on line 68
2020-02-09 19:46:11 - PHP Warning:  unlink(/var/www/opencart-stanok/opencart/public_html/system/storage/cache/cache.catalog.language.1581280180): No such file or directory in /var/www/opencart-stanok/opencart/public_html/system/library/cache/file.php on line 68
2020-02-09 19:46:11 - PHP Warning:  unlink(/var/www/opencart-stanok/opencart/public_html/system/storage/cache/cache.catalog.language.1581280180): No such file or directory in /var/www/opencart-stanok/opencart/public_html/system/library/cache/file.php on line 68
2020-02-09 19:46:12 - PHP Warning:  unlink(/var/www/opencart-stanok/opencart/public_html/system/storage/cache/cache.catalog.language.1581280180): No such file or directory in /var/www/opencart-stanok/opencart/public_html/system/library/cache/file.php on line 68
2020-02-09 19:46:12 - PHP Warning:  unlink(/var/www/opencart-stanok/opencart/public_html/system/storage/cache/cache.catalog.language.1581280180): No such file or directory in /var/www/opencart-stanok/opencart/public_html/system/library/cache/file.php on line 68
2020-02-09 19:48:51 - PHP Warning:  unlink(/var/www/opencart-stanok/opencart/public_html/system/storage/cache/cache.catalog.language.1581280180): No such file or directory in /var/www/opencart-stanok/opencart/public_html/system/library/cache/file.php on line 68
2020-02-09 19:48:51 - PHP Warning:  unlink(/var/www/opencart-stanok/opencart/public_html/system/storage/cache/cache.catalog.language.1581280180): No such file or directory in /var/www/opencart-stanok/opencart/public_html/system/library/cache/file.php on line 68
2020-02-09 19:50:24 - PHP Warning:  copy(/var/www/opencart-stanok/opencart/public_html/system/storage//cache/cache.catalog.language.1581280180): failed to open stream: No such file or directory in /var/www/opencart-stanok/opencart/public_html/admin/controller/common/security.php on line 106
